{"config":{"dsn":"https://0b7841092ddef2d463e8211da0772fc9@sentry.thecorehosting.net/3","environment":"production","release":"Skynet.production.1.1.0","tracesSampleRate":1},"level":"info","message":"Connecting this Logger instance with Sentry.","timestamp":"11-12-2025 23:09:13"}
{"level":"info","message":"Logging to /usr/src/app/logs/master-skynetbot.log.","timestamp":"11-12-2025 23:09:13"}
{"database":"skynet","host":"127.0.0.1","level":"info","message":"Connecting to MariaDB...","timestamp":"11-12-2025 23:09:13"}
{"level":"info","message":"Connected to MariaDB successfully.","timestamp":"11-12-2025 23:09:13"}
{"level":"warn","message":"You haven't supplied some auth tokens, make sure to fill in auth.js to make sure all Skynet features function!","timestamp":"11-12-2025 23:09:13"}
{"level":"warn","message":"You are running SkynetBot on a non-standard port, if a reverse-proxy such as Nginx is being used, restart SkynetBot with the '--proxy' argument.","timestamp":"11-12-2025 23:09:13"}
{"level":"warn","message":"Skynet is running in development mode, this might impact web interface performance. In order to run Skynet in production mode, please set the NODE_ENV environment var to production.","timestamp":"11-12-2025 23:09:13"}
{"level":"info","message":"Getting the recommended shards from Discord...","timestamp":"11-12-2025 23:09:13"}
{"level":"info","message":"SkynetBot will spawn 1 shard(s) as recommended by Discord.","shards":1,"timestamp":"11-12-2025 23:09:13"}
{"level":"info","message":"Worker 1 launched.","timestamp":"11-12-2025 23:09:13","worker":1}
{"level":"info","message":"All shards connected to Discord.","timestamp":"11-12-2025 23:09:15"}
{"level":"info","message":"The best Discord Bot, version 1.1.0, is now ready!","timestamp":"11-12-2025 23:09:15"}
{"config":{"dsn":"https://0b7841092ddef2d463e8211da0772fc9@sentry.thecorehosting.net/3","environment":"production","release":"Skynet.production.1.1.0","tracesSampleRate":1},"level":"info","message":"Connecting this Logger instance with Sentry.","timestamp":"11-12-2025 23:11:02"}
{"level":"info","message":"Logging to /usr/src/app/logs/master-skynetbot.log.","timestamp":"11-12-2025 23:11:02"}
{"database":"skynet","host":"127.0.0.1","level":"info","message":"Connecting to MariaDB...","timestamp":"11-12-2025 23:11:02"}
{"level":"info","message":"Connected to MariaDB successfully.","timestamp":"11-12-2025 23:11:02"}
{"level":"warn","message":"You haven't supplied some auth tokens, make sure to fill in auth.js to make sure all Skynet features function!","timestamp":"11-12-2025 23:11:02"}
{"level":"warn","message":"You are running SkynetBot on a non-standard port, if a reverse-proxy such as Nginx is being used, restart SkynetBot with the '--proxy' argument.","timestamp":"11-12-2025 23:11:02"}
{"level":"warn","message":"Skynet is running in development mode, this might impact web interface performance. In order to run Skynet in production mode, please set the NODE_ENV environment var to production.","timestamp":"11-12-2025 23:11:02"}
{"level":"info","message":"Getting the recommended shards from Discord...","timestamp":"11-12-2025 23:11:02"}
{"level":"info","message":"SkynetBot will spawn 1 shard(s) as recommended by Discord.","shards":1,"timestamp":"11-12-2025 23:11:03"}
{"level":"info","message":"Worker 1 launched.","timestamp":"11-12-2025 23:11:03","worker":1}
{"level":"info","message":"All shards connected to Discord.","timestamp":"11-12-2025 23:11:04"}
{"level":"info","message":"The best Discord Bot, version 1.1.0, is now ready!","timestamp":"11-12-2025 23:11:05"}
{"config":{"dsn":"https://0b7841092ddef2d463e8211da0772fc9@sentry.thecorehosting.net/3","environment":"production","release":"Skynet.production.1.1.0","tracesSampleRate":1},"level":"info","message":"Connecting this Logger instance with Sentry.","timestamp":"11-12-2025 23:23:04"}
{"level":"info","message":"Logging to /usr/src/app/logs/master-skynetbot.log.","timestamp":"11-12-2025 23:23:04"}
{"database":"skynet","host":"127.0.0.1","level":"info","message":"Connecting to MariaDB...","timestamp":"11-12-2025 23:23:04"}
{"level":"info","message":"Connected to MariaDB successfully.","timestamp":"11-12-2025 23:23:05"}
{"level":"warn","message":"You haven't supplied some auth tokens, make sure to fill in auth.js to make sure all Skynet features function!","timestamp":"11-12-2025 23:23:05"}
{"level":"warn","message":"You are running SkynetBot on a non-standard port, if a reverse-proxy such as Nginx is being used, restart SkynetBot with the '--proxy' argument.","timestamp":"11-12-2025 23:23:05"}
{"level":"warn","message":"Skynet is running in development mode, this might impact web interface performance. In order to run Skynet in production mode, please set the NODE_ENV environment var to production.","timestamp":"11-12-2025 23:23:05"}
{"level":"info","message":"Getting the recommended shards from Discord...","timestamp":"11-12-2025 23:23:05"}
{"level":"info","message":"SkynetBot will spawn 1 shard(s) as recommended by Discord.","shards":1,"timestamp":"11-12-2025 23:23:05"}
{"level":"info","message":"Worker 1 launched.","timestamp":"11-12-2025 23:23:05","worker":1}
{"level":"info","message":"All shards connected to Discord.","timestamp":"11-12-2025 23:23:06"}
{"level":"info","message":"The best Discord Bot, version 1.1.0, is now ready!","timestamp":"11-12-2025 23:23:06"}
{"config":{"dsn":"https://0b7841092ddef2d463e8211da0772fc9@sentry.thecorehosting.net/3","environment":"production","release":"Skynet.production.1.1.0","tracesSampleRate":1},"level":"info","message":"Connecting this Logger instance with Sentry.","timestamp":"11-12-2025 23:38:43"}
{"level":"info","message":"Logging to /usr/src/app/logs/master-skynetbot.log.","timestamp":"11-12-2025 23:38:43"}
{"database":"skynet","host":"127.0.0.1","level":"info","message":"Connecting to MariaDB...","timestamp":"11-12-2025 23:38:43"}
{"level":"info","message":"Connected to MariaDB successfully.","timestamp":"11-12-2025 23:38:43"}
{"level":"warn","message":"You haven't supplied some auth tokens, make sure to fill in auth.js to make sure all Skynet features function!","timestamp":"11-12-2025 23:38:43"}
{"level":"warn","message":"You are running SkynetBot on a non-standard port, if a reverse-proxy such as Nginx is being used, restart SkynetBot with the '--proxy' argument.","timestamp":"11-12-2025 23:38:43"}
{"level":"warn","message":"Skynet is running in development mode, this might impact web interface performance. In order to run Skynet in production mode, please set the NODE_ENV environment var to production.","timestamp":"11-12-2025 23:38:43"}
{"level":"info","message":"Getting the recommended shards from Discord...","timestamp":"11-12-2025 23:38:43"}
{"level":"info","message":"SkynetBot will spawn 1 shard(s) as recommended by Discord.","shards":1,"timestamp":"11-12-2025 23:38:43"}
{"level":"info","message":"Worker 1 launched.","timestamp":"11-12-2025 23:38:43","worker":1}
{"level":"info","message":"All shards connected to Discord.","timestamp":"11-12-2025 23:38:45"}
{"level":"info","message":"The best Discord Bot, version 1.1.0, is now ready!","timestamp":"11-12-2025 23:38:45"}
