{"level":"debug","message":"Good new 24 hours! Clearing message counters.","timestamp":"15-12-2025 00:00:00"}
{"level":"debug","message":"Checking for streamers in servers.","timestamp":"15-12-2025 00:03:35"}
{"level":"debug","message":"Starting streaming RSS timers for servers.","timestamp":"15-12-2025 00:03:35"}
{"level":"debug","message":"Collecting stats for servers.","timestamp":"15-12-2025 00:08:35"}
{"level":"debug","message":"Checking for streamers in servers.","timestamp":"15-12-2025 00:13:35"}
{"level":"debug","message":"Starting streaming RSS timers for servers.","timestamp":"15-12-2025 00:13:35"}
{"level":"info","message":"Getting traffic data","timestamp":"15-12-2025 00:23:33"}
{"level":"debug","message":"Collecting stats for servers.","timestamp":"15-12-2025 00:23:35"}
{"level":"debug","message":"Checking for streamers in servers.","timestamp":"15-12-2025 00:23:35"}
{"level":"debug","message":"Starting streaming RSS timers for servers.","timestamp":"15-12-2025 00:23:35"}
{"guilds":10,"level":"debug","message":"Posted stats to discordbotlist.com","timestamp":"15-12-2025 00:23:35"}
{"level":"debug","message":"Checking for streamers in servers.","timestamp":"15-12-2025 00:33:35"}
{"level":"debug","message":"Starting streaming RSS timers for servers.","timestamp":"15-12-2025 00:33:35"}
{"level":"debug","message":"Collecting stats for servers.","timestamp":"15-12-2025 00:38:35"}
{"level":"debug","message":"Checking for streamers in servers.","timestamp":"15-12-2025 00:43:35"}
{"level":"debug","message":"Starting streaming RSS timers for servers.","timestamp":"15-12-2025 00:43:35"}
{"level":"debug","message":"Collecting stats for servers.","timestamp":"15-12-2025 00:53:35"}
{"level":"debug","message":"Checking for streamers in servers.","timestamp":"15-12-2025 00:53:35"}
{"level":"debug","message":"Starting streaming RSS timers for servers.","timestamp":"15-12-2025 00:53:35"}
{"guilds":10,"level":"debug","message":"Posted stats to discordbotlist.com","timestamp":"15-12-2025 00:53:35"}
{"level":"debug","message":"Checking for streamers in servers.","timestamp":"15-12-2025 01:03:35"}
{"level":"debug","message":"Starting streaming RSS timers for servers.","timestamp":"15-12-2025 01:03:35"}
{"level":"debug","message":"Collecting stats for servers.","timestamp":"15-12-2025 01:08:35"}
{"level":"debug","message":"Checking for streamers in servers.","timestamp":"15-12-2025 01:13:35"}
{"level":"debug","message":"Starting streaming RSS timers for servers.","timestamp":"15-12-2025 01:13:35"}
{"level":"info","message":"Getting traffic data","timestamp":"15-12-2025 01:23:33"}
{"level":"debug","message":"Collecting stats for servers.","timestamp":"15-12-2025 01:23:35"}
{"level":"debug","message":"Checking for streamers in servers.","timestamp":"15-12-2025 01:23:35"}
{"level":"debug","message":"Starting streaming RSS timers for servers.","timestamp":"15-12-2025 01:23:35"}
{"guilds":10,"level":"debug","message":"Posted stats to discordbotlist.com","timestamp":"15-12-2025 01:23:35"}
{"level":"debug","message":"Checking for streamers in servers.","timestamp":"15-12-2025 01:33:35"}
{"level":"debug","message":"Starting streaming RSS timers for servers.","timestamp":"15-12-2025 01:33:35"}
{"level":"debug","message":"Collecting stats for servers.","timestamp":"15-12-2025 01:38:35"}
{"level":"debug","message":"Checking for streamers in servers.","timestamp":"15-12-2025 01:43:35"}
{"level":"debug","message":"Starting streaming RSS timers for servers.","timestamp":"15-12-2025 01:43:35"}
{"level":"debug","message":"Collecting stats for servers.","timestamp":"15-12-2025 01:53:35"}
{"level":"debug","message":"Checking for streamers in servers.","timestamp":"15-12-2025 01:53:35"}
{"level":"debug","message":"Starting streaming RSS timers for servers.","timestamp":"15-12-2025 01:53:35"}
{"guilds":10,"level":"debug","message":"Posted stats to discordbotlist.com","timestamp":"15-12-2025 01:53:35"}
{"level":"debug","message":"Checking for streamers in servers.","timestamp":"15-12-2025 02:03:35"}
{"level":"debug","message":"Starting streaming RSS timers for servers.","timestamp":"15-12-2025 02:03:35"}
{"level":"debug","message":"Collecting stats for servers.","timestamp":"15-12-2025 02:08:35"}
{"level":"debug","message":"Checking for streamers in servers.","timestamp":"15-12-2025 02:13:35"}
{"level":"debug","message":"Starting streaming RSS timers for servers.","timestamp":"15-12-2025 02:13:35"}
{"level":"info","message":"Getting traffic data","timestamp":"15-12-2025 02:23:33"}
{"level":"debug","message":"Collecting stats for servers.","timestamp":"15-12-2025 02:23:35"}
{"level":"debug","message":"Checking for streamers in servers.","timestamp":"15-12-2025 02:23:35"}
{"level":"debug","message":"Starting streaming RSS timers for servers.","timestamp":"15-12-2025 02:23:35"}
{"guilds":10,"level":"debug","message":"Posted stats to discordbotlist.com","timestamp":"15-12-2025 02:23:35"}
{"level":"debug","message":"Checking for streamers in servers.","timestamp":"15-12-2025 02:33:35"}
{"level":"debug","message":"Starting streaming RSS timers for servers.","timestamp":"15-12-2025 02:33:35"}
{"level":"debug","message":"Collecting stats for servers.","timestamp":"15-12-2025 02:38:35"}
{"level":"debug","message":"Checking for streamers in servers.","timestamp":"15-12-2025 02:43:35"}
{"level":"debug","message":"Starting streaming RSS timers for servers.","timestamp":"15-12-2025 02:43:35"}
{"level":"debug","message":"Collecting stats for servers.","timestamp":"15-12-2025 02:53:35"}
{"level":"debug","message":"Checking for streamers in servers.","timestamp":"15-12-2025 02:53:35"}
{"level":"debug","message":"Starting streaming RSS timers for servers.","timestamp":"15-12-2025 02:53:35"}
{"guilds":10,"level":"debug","message":"Posted stats to discordbotlist.com","timestamp":"15-12-2025 02:53:35"}
{"level":"debug","message":"Checking for streamers in servers.","timestamp":"15-12-2025 03:03:35"}
{"level":"debug","message":"Starting streaming RSS timers for servers.","timestamp":"15-12-2025 03:03:35"}
{"level":"debug","message":"Collecting stats for servers.","timestamp":"15-12-2025 03:08:35"}
{"level":"debug","message":"Checking for streamers in servers.","timestamp":"15-12-2025 03:13:35"}
{"level":"debug","message":"Starting streaming RSS timers for servers.","timestamp":"15-12-2025 03:13:35"}
{"level":"info","message":"Getting traffic data","timestamp":"15-12-2025 03:23:33"}
{"level":"debug","message":"Collecting stats for servers.","timestamp":"15-12-2025 03:23:35"}
{"level":"debug","message":"Checking for streamers in servers.","timestamp":"15-12-2025 03:23:35"}
{"level":"debug","message":"Starting streaming RSS timers for servers.","timestamp":"15-12-2025 03:23:35"}
{"guilds":10,"level":"debug","message":"Posted stats to discordbotlist.com","timestamp":"15-12-2025 03:23:35"}
{"level":"debug","message":"Checking for streamers in servers.","timestamp":"15-12-2025 03:33:35"}
{"level":"debug","message":"Starting streaming RSS timers for servers.","timestamp":"15-12-2025 03:33:35"}
{"level":"debug","message":"Collecting stats for servers.","timestamp":"15-12-2025 03:38:35"}
{"level":"debug","message":"Checking for streamers in servers.","timestamp":"15-12-2025 03:43:35"}
{"level":"debug","message":"Starting streaming RSS timers for servers.","timestamp":"15-12-2025 03:43:35"}
{"level":"debug","message":"Collecting stats for servers.","timestamp":"15-12-2025 03:53:35"}
{"level":"debug","message":"Checking for streamers in servers.","timestamp":"15-12-2025 03:53:35"}
{"level":"debug","message":"Starting streaming RSS timers for servers.","timestamp":"15-12-2025 03:53:35"}
{"guilds":10,"level":"debug","message":"Posted stats to discordbotlist.com","timestamp":"15-12-2025 03:53:35"}
{"level":"debug","message":"Checking for streamers in servers.","timestamp":"15-12-2025 04:03:35"}
{"level":"debug","message":"Starting streaming RSS timers for servers.","timestamp":"15-12-2025 04:03:35"}
{"level":"debug","message":"Collecting stats for servers.","timestamp":"15-12-2025 04:08:35"}
{"level":"debug","message":"Checking for streamers in servers.","timestamp":"15-12-2025 04:13:35"}
{"level":"debug","message":"Starting streaming RSS timers for servers.","timestamp":"15-12-2025 04:13:35"}
{"level":"info","message":"Getting traffic data","timestamp":"15-12-2025 04:23:33"}
{"level":"debug","message":"Collecting stats for servers.","timestamp":"15-12-2025 04:23:35"}
{"level":"debug","message":"Checking for streamers in servers.","timestamp":"15-12-2025 04:23:35"}
{"level":"debug","message":"Starting streaming RSS timers for servers.","timestamp":"15-12-2025 04:23:35"}
{"guilds":10,"level":"debug","message":"Posted stats to discordbotlist.com","timestamp":"15-12-2025 04:23:35"}
{"level":"debug","message":"Checking for streamers in servers.","timestamp":"15-12-2025 04:33:35"}
{"level":"debug","message":"Starting streaming RSS timers for servers.","timestamp":"15-12-2025 04:33:35"}
{"level":"debug","message":"Collecting stats for servers.","timestamp":"15-12-2025 04:38:35"}
{"level":"debug","message":"Checking for streamers in servers.","timestamp":"15-12-2025 04:43:35"}
{"level":"debug","message":"Starting streaming RSS timers for servers.","timestamp":"15-12-2025 04:43:35"}
{"chid":"1363027894611214461","level":"debug","message":"Failed to find server data for message deletion.","svrid":"1363027894611214458","timestamp":"15-12-2025 04:44:38","usrid":"1331459631503118389"}
{"chid":"1363027894611214461","level":"debug","message":"Failed to find server data for message deletion.","svrid":"1363027894611214458","timestamp":"15-12-2025 04:44:39","usrid":"1331459631503118389"}
{"chid":"1363027894611214461","level":"debug","message":"Failed to find server data for message deletion.","svrid":"1363027894611214458","timestamp":"15-12-2025 04:44:39","usrid":"1331459631503118389"}
{"chid":"1363027894611214461","level":"debug","message":"Failed to find server data for message deletion.","svrid":"1363027894611214458","timestamp":"15-12-2025 04:44:39","usrid":"1331459631503118389"}
{"chid":"1363027894611214461","level":"debug","message":"Failed to find server data for message deletion.","svrid":"1363027894611214458","timestamp":"15-12-2025 04:44:40","usrid":"1331459631503118389"}
{"chid":"1363027894611214461","level":"debug","message":"Failed to find server data for message deletion.","svrid":"1363027894611214458","timestamp":"15-12-2025 04:44:40","usrid":"1331459631503118389"}
{"chid":"1363027894611214461","level":"debug","message":"Failed to find server data for message deletion.","svrid":"1363027894611214458","timestamp":"15-12-2025 04:44:45","usrid":"1331459631503118389"}
{"chid":"1363027894611214461","level":"debug","message":"Failed to find server data for message deletion.","svrid":"1363027894611214458","timestamp":"15-12-2025 04:44:45","usrid":"1331459631503118389"}
{"chid":"1363027894611214461","level":"debug","message":"Failed to find server data for message deletion.","svrid":"1363027894611214458","timestamp":"15-12-2025 04:44:46","usrid":"1331459631503118389"}
{"isWeekend":false,"level":"info","message":"Processed vote","pointsAwarded":0,"site":"discordbotlist","timestamp":"15-12-2025 04:47:56","userId":"218536118591684613"}
{"level":"debug","message":"Collecting stats for servers.","timestamp":"15-12-2025 04:53:35"}
{"level":"debug","message":"Checking for streamers in servers.","timestamp":"15-12-2025 04:53:35"}
{"level":"debug","message":"Starting streaming RSS timers for servers.","timestamp":"15-12-2025 04:53:35"}
{"guilds":10,"level":"debug","message":"Posted stats to discordbotlist.com","timestamp":"15-12-2025 04:53:35"}
{"chid":"1363027894611214461","level":"debug","message":"Failed to find server data for message deletion.","svrid":"1363027894611214458","timestamp":"15-12-2025 04:57:32","usrid":"1331459631503118389"}
{"chid":"1363027894611214461","level":"debug","message":"Failed to find server data for message deletion.","svrid":"1363027894611214458","timestamp":"15-12-2025 04:57:32","usrid":"1331459631503118389"}
{"chid":"1363027894611214461","level":"debug","message":"Failed to find server data for message deletion.","svrid":"1363027894611214458","timestamp":"15-12-2025 04:57:36","usrid":"1331459631503118389"}
{"level":"debug","message":"Checking for streamers in servers.","timestamp":"15-12-2025 05:03:35"}
{"level":"debug","message":"Starting streaming RSS timers for servers.","timestamp":"15-12-2025 05:03:35"}
{"level":"debug","message":"Collecting stats for servers.","timestamp":"15-12-2025 05:08:35"}
{"level":"debug","message":"Checking for streamers in servers.","timestamp":"15-12-2025 05:13:35"}
{"level":"debug","message":"Starting streaming RSS timers for servers.","timestamp":"15-12-2025 05:13:35"}
{"level":"info","message":"Getting traffic data","timestamp":"15-12-2025 05:23:33"}
{"level":"debug","message":"Collecting stats for servers.","timestamp":"15-12-2025 05:23:35"}
{"level":"debug","message":"Checking for streamers in servers.","timestamp":"15-12-2025 05:23:35"}
{"level":"debug","message":"Starting streaming RSS timers for servers.","timestamp":"15-12-2025 05:23:35"}
{"guilds":10,"level":"debug","message":"Posted stats to discordbotlist.com","timestamp":"15-12-2025 05:23:35"}
{"level":"debug","message":"Checking for streamers in servers.","timestamp":"15-12-2025 05:33:35"}
{"level":"debug","message":"Starting streaming RSS timers for servers.","timestamp":"15-12-2025 05:33:35"}
{"level":"debug","message":"Collecting stats for servers.","timestamp":"15-12-2025 05:38:35"}
{"level":"debug","message":"Checking for streamers in servers.","timestamp":"15-12-2025 05:43:35"}
{"level":"debug","message":"Starting streaming RSS timers for servers.","timestamp":"15-12-2025 05:43:35"}
{"level":"debug","message":"Collecting stats for servers.","timestamp":"15-12-2025 05:53:35"}
{"level":"debug","message":"Checking for streamers in servers.","timestamp":"15-12-2025 05:53:35"}
{"level":"debug","message":"Starting streaming RSS timers for servers.","timestamp":"15-12-2025 05:53:35"}
{"guilds":10,"level":"debug","message":"Posted stats to discordbotlist.com","timestamp":"15-12-2025 05:53:35"}
{"level":"debug","message":"Checking for streamers in servers.","timestamp":"15-12-2025 06:03:35"}
{"level":"debug","message":"Starting streaming RSS timers for servers.","timestamp":"15-12-2025 06:03:35"}
{"level":"debug","message":"Collecting stats for servers.","timestamp":"15-12-2025 06:08:35"}
{"level":"debug","message":"Checking for streamers in servers.","timestamp":"15-12-2025 06:13:35"}
{"level":"debug","message":"Starting streaming RSS timers for servers.","timestamp":"15-12-2025 06:13:35"}
{"level":"info","message":"Getting traffic data","timestamp":"15-12-2025 06:23:33"}
{"level":"debug","message":"Collecting stats for servers.","timestamp":"15-12-2025 06:23:35"}
{"level":"debug","message":"Checking for streamers in servers.","timestamp":"15-12-2025 06:23:35"}
{"level":"debug","message":"Starting streaming RSS timers for servers.","timestamp":"15-12-2025 06:23:35"}
{"guilds":10,"level":"debug","message":"Posted stats to discordbotlist.com","timestamp":"15-12-2025 06:23:35"}
{"level":"debug","message":"Checking for streamers in servers.","timestamp":"15-12-2025 06:33:35"}
{"level":"debug","message":"Starting streaming RSS timers for servers.","timestamp":"15-12-2025 06:33:35"}
{"level":"debug","message":"Collecting stats for servers.","timestamp":"15-12-2025 06:38:35"}
{"level":"debug","message":"Checking for streamers in servers.","timestamp":"15-12-2025 06:43:35"}
{"level":"debug","message":"Starting streaming RSS timers for servers.","timestamp":"15-12-2025 06:43:35"}
{"level":"debug","message":"Collecting stats for servers.","timestamp":"15-12-2025 06:53:35"}
{"level":"debug","message":"Checking for streamers in servers.","timestamp":"15-12-2025 06:53:35"}
{"level":"debug","message":"Starting streaming RSS timers for servers.","timestamp":"15-12-2025 06:53:35"}
{"guilds":10,"level":"debug","message":"Posted stats to discordbotlist.com","timestamp":"15-12-2025 06:53:35"}
{"level":"debug","message":"Checking for streamers in servers.","timestamp":"15-12-2025 07:03:35"}
{"level":"debug","message":"Starting streaming RSS timers for servers.","timestamp":"15-12-2025 07:03:35"}
{"level":"debug","message":"Collecting stats for servers.","timestamp":"15-12-2025 07:08:35"}
{"level":"debug","message":"Checking for streamers in servers.","timestamp":"15-12-2025 07:13:35"}
{"level":"debug","message":"Starting streaming RSS timers for servers.","timestamp":"15-12-2025 07:13:35"}
{"level":"info","message":"Getting traffic data","timestamp":"15-12-2025 07:23:33"}
{"level":"debug","message":"Collecting stats for servers.","timestamp":"15-12-2025 07:23:35"}
{"level":"debug","message":"Checking for streamers in servers.","timestamp":"15-12-2025 07:23:35"}
{"level":"debug","message":"Starting streaming RSS timers for servers.","timestamp":"15-12-2025 07:23:35"}
{"guilds":10,"level":"debug","message":"Posted stats to discordbotlist.com","timestamp":"15-12-2025 07:23:35"}
{"level":"debug","message":"Checking for streamers in servers.","timestamp":"15-12-2025 07:33:35"}
{"level":"debug","message":"Starting streaming RSS timers for servers.","timestamp":"15-12-2025 07:33:35"}
{"level":"debug","message":"Collecting stats for servers.","timestamp":"15-12-2025 07:38:35"}
{"level":"debug","message":"Checking for streamers in servers.","timestamp":"15-12-2025 07:43:35"}
{"level":"debug","message":"Starting streaming RSS timers for servers.","timestamp":"15-12-2025 07:43:35"}
{"level":"debug","message":"Collecting stats for servers.","timestamp":"15-12-2025 07:53:35"}
{"level":"debug","message":"Checking for streamers in servers.","timestamp":"15-12-2025 07:53:35"}
{"level":"debug","message":"Starting streaming RSS timers for servers.","timestamp":"15-12-2025 07:53:35"}
{"guilds":10,"level":"debug","message":"Posted stats to discordbotlist.com","timestamp":"15-12-2025 07:53:35"}
{"level":"debug","message":"Checking for streamers in servers.","timestamp":"15-12-2025 08:03:35"}
{"level":"debug","message":"Starting streaming RSS timers for servers.","timestamp":"15-12-2025 08:03:35"}
{"level":"debug","message":"Collecting stats for servers.","timestamp":"15-12-2025 08:08:35"}
{"level":"debug","message":"Checking for streamers in servers.","timestamp":"15-12-2025 08:13:35"}
{"level":"debug","message":"Starting streaming RSS timers for servers.","timestamp":"15-12-2025 08:13:35"}
{"level":"info","message":"Getting traffic data","timestamp":"15-12-2025 08:23:33"}
{"level":"debug","message":"Collecting stats for servers.","timestamp":"15-12-2025 08:23:35"}
{"level":"debug","message":"Checking for streamers in servers.","timestamp":"15-12-2025 08:23:35"}
{"level":"debug","message":"Starting streaming RSS timers for servers.","timestamp":"15-12-2025 08:23:35"}
{"guilds":10,"level":"debug","message":"Posted stats to discordbotlist.com","timestamp":"15-12-2025 08:23:35"}
{"level":"debug","message":"Checking for streamers in servers.","timestamp":"15-12-2025 08:33:35"}
{"level":"debug","message":"Starting streaming RSS timers for servers.","timestamp":"15-12-2025 08:33:35"}
{"level":"debug","message":"Collecting stats for servers.","timestamp":"15-12-2025 08:38:35"}
{"level":"debug","message":"Checking for streamers in servers.","timestamp":"15-12-2025 08:43:35"}
{"level":"debug","message":"Starting streaming RSS timers for servers.","timestamp":"15-12-2025 08:43:35"}
{"level":"debug","message":"Collecting stats for servers.","timestamp":"15-12-2025 08:53:35"}
{"level":"debug","message":"Checking for streamers in servers.","timestamp":"15-12-2025 08:53:35"}
{"level":"debug","message":"Starting streaming RSS timers for servers.","timestamp":"15-12-2025 08:53:35"}
{"guilds":10,"level":"debug","message":"Posted stats to discordbotlist.com","timestamp":"15-12-2025 08:53:35"}
{"level":"debug","message":"Checking for streamers in servers.","timestamp":"15-12-2025 09:03:35"}
{"level":"debug","message":"Starting streaming RSS timers for servers.","timestamp":"15-12-2025 09:03:35"}
{"level":"debug","message":"Collecting stats for servers.","timestamp":"15-12-2025 09:08:35"}
{"level":"debug","message":"Checking for streamers in servers.","timestamp":"15-12-2025 09:13:35"}
{"level":"debug","message":"Starting streaming RSS timers for servers.","timestamp":"15-12-2025 09:13:35"}
{"level":"info","message":"Getting traffic data","timestamp":"15-12-2025 09:23:33"}
{"level":"debug","message":"Collecting stats for servers.","timestamp":"15-12-2025 09:23:35"}
{"level":"debug","message":"Checking for streamers in servers.","timestamp":"15-12-2025 09:23:35"}
{"level":"debug","message":"Starting streaming RSS timers for servers.","timestamp":"15-12-2025 09:23:35"}
{"guilds":10,"level":"debug","message":"Posted stats to discordbotlist.com","timestamp":"15-12-2025 09:23:35"}
{"chid":"1440925019831271474","level":"debug","message":"Failed to find server data for message deletion.","svrid":"1363027894611214458","timestamp":"15-12-2025 09:30:50","usrid":"1331459631503118389"}
{"chid":"1440925019831271474","level":"debug","message":"Failed to find server data for message deletion.","svrid":"1363027894611214458","timestamp":"15-12-2025 09:31:23","usrid":"1331459631503118389"}
{"chid":"1449650715340570634","level":"debug","message":"Failed to find server data for message deletion.","svrid":"1363027894611214458","timestamp":"15-12-2025 09:31:25","usrid":"1331459631503118389"}
{"chid":"1363027894611214461","level":"debug","message":"Failed to find server data for message deletion.","svrid":"1363027894611214458","timestamp":"15-12-2025 09:31:27","usrid":"1331459631503118389"}
{"level":"debug","message":"Failed to find server data for GuildMemberUpdate.","svrid":"1363027894611214458","timestamp":"15-12-2025 09:31:33","usrid":"1331459631503118389"}
{"chid":"1363027894611214461","level":"debug","message":"Failed to find server data for message deletion.","svrid":"1363027894611214458","timestamp":"15-12-2025 09:31:35","usrid":"1331459631503118389"}
{"chid":"1363027894611214461","level":"debug","message":"Failed to find server data for message deletion.","svrid":"1363027894611214458","timestamp":"15-12-2025 09:31:36","usrid":"1331459631503118389"}
{"level":"debug","message":"Checking for streamers in servers.","timestamp":"15-12-2025 09:33:35"}
{"level":"debug","message":"Starting streaming RSS timers for servers.","timestamp":"15-12-2025 09:33:35"}
{"level":"debug","message":"Collecting stats for servers.","timestamp":"15-12-2025 09:38:35"}
{"level":"debug","message":"Checking for streamers in servers.","timestamp":"15-12-2025 09:43:35"}
{"level":"debug","message":"Starting streaming RSS timers for servers.","timestamp":"15-12-2025 09:43:35"}
{"chid":"1363027894611214461","level":"debug","message":"Failed to find server data for message deletion.","svrid":"1363027894611214458","timestamp":"15-12-2025 09:48:02","usrid":"1331459631503118389"}
{"chid":"1450061853072949289","level":"debug","message":"Failed to find server data for message deletion.","svrid":"1363027894611214458","timestamp":"15-12-2025 09:48:10","usrid":"1331459631503118389"}
{"level":"debug","message":"Collecting stats for servers.","timestamp":"15-12-2025 09:53:35"}
{"level":"debug","message":"Checking for streamers in servers.","timestamp":"15-12-2025 09:53:35"}
{"level":"debug","message":"Starting streaming RSS timers for servers.","timestamp":"15-12-2025 09:53:35"}
{"guilds":10,"level":"debug","message":"Posted stats to discordbotlist.com","timestamp":"15-12-2025 09:53:35"}
{"level":"debug","message":"Checking for streamers in servers.","timestamp":"15-12-2025 10:03:35"}
{"level":"debug","message":"Starting streaming RSS timers for servers.","timestamp":"15-12-2025 10:03:35"}
{"level":"debug","message":"Collecting stats for servers.","timestamp":"15-12-2025 10:08:35"}
{"level":"debug","message":"Checking for streamers in servers.","timestamp":"15-12-2025 10:13:35"}
{"level":"debug","message":"Starting streaming RSS timers for servers.","timestamp":"15-12-2025 10:13:35"}
{"level":"info","message":"Getting traffic data","timestamp":"15-12-2025 10:23:33"}
{"level":"debug","message":"Collecting stats for servers.","timestamp":"15-12-2025 10:23:35"}
{"level":"debug","message":"Checking for streamers in servers.","timestamp":"15-12-2025 10:23:35"}
{"level":"debug","message":"Starting streaming RSS timers for servers.","timestamp":"15-12-2025 10:23:35"}
{"guilds":10,"level":"debug","message":"Posted stats to discordbotlist.com","timestamp":"15-12-2025 10:23:35"}
{"level":"debug","message":"Checking for streamers in servers.","timestamp":"15-12-2025 10:33:35"}
{"level":"debug","message":"Starting streaming RSS timers for servers.","timestamp":"15-12-2025 10:33:35"}
{"level":"debug","message":"Collecting stats for servers.","timestamp":"15-12-2025 10:38:35"}
{"level":"debug","message":"Checking for streamers in servers.","timestamp":"15-12-2025 10:43:35"}
{"level":"debug","message":"Starting streaming RSS timers for servers.","timestamp":"15-12-2025 10:43:35"}
{"level":"debug","message":"Collecting stats for servers.","timestamp":"15-12-2025 10:53:35"}
{"level":"debug","message":"Checking for streamers in servers.","timestamp":"15-12-2025 10:53:35"}
{"level":"debug","message":"Starting streaming RSS timers for servers.","timestamp":"15-12-2025 10:53:35"}
{"guilds":10,"level":"debug","message":"Posted stats to discordbotlist.com","timestamp":"15-12-2025 10:53:35"}
{"level":"debug","message":"Checking for streamers in servers.","timestamp":"15-12-2025 11:03:35"}
{"level":"debug","message":"Starting streaming RSS timers for servers.","timestamp":"15-12-2025 11:03:35"}
{"level":"debug","message":"Collecting stats for servers.","timestamp":"15-12-2025 11:08:35"}
{"level":"debug","message":"Checking for streamers in servers.","timestamp":"15-12-2025 11:13:35"}
{"level":"debug","message":"Starting streaming RSS timers for servers.","timestamp":"15-12-2025 11:13:35"}
{"level":"info","message":"Getting traffic data","timestamp":"15-12-2025 11:23:33"}
{"level":"debug","message":"Collecting stats for servers.","timestamp":"15-12-2025 11:23:35"}
{"level":"debug","message":"Checking for streamers in servers.","timestamp":"15-12-2025 11:23:35"}
{"level":"debug","message":"Starting streaming RSS timers for servers.","timestamp":"15-12-2025 11:23:35"}
{"guilds":10,"level":"debug","message":"Posted stats to discordbotlist.com","timestamp":"15-12-2025 11:23:35"}
{"level":"debug","message":"Checking for streamers in servers.","timestamp":"15-12-2025 11:33:35"}
{"level":"debug","message":"Starting streaming RSS timers for servers.","timestamp":"15-12-2025 11:33:35"}
{"level":"debug","message":"Collecting stats for servers.","timestamp":"15-12-2025 11:38:35"}
{"level":"debug","message":"Checking for streamers in servers.","timestamp":"15-12-2025 11:43:35"}
{"level":"debug","message":"Starting streaming RSS timers for servers.","timestamp":"15-12-2025 11:43:35"}
{"level":"debug","message":"Collecting stats for servers.","timestamp":"15-12-2025 11:53:35"}
{"level":"debug","message":"Checking for streamers in servers.","timestamp":"15-12-2025 11:53:35"}
{"level":"debug","message":"Starting streaming RSS timers for servers.","timestamp":"15-12-2025 11:53:35"}
{"guilds":10,"level":"debug","message":"Posted stats to discordbotlist.com","timestamp":"15-12-2025 11:53:35"}
{"level":"debug","message":"Checking for streamers in servers.","timestamp":"15-12-2025 12:03:35"}
{"level":"debug","message":"Starting streaming RSS timers for servers.","timestamp":"15-12-2025 12:03:35"}
{"level":"debug","message":"Collecting stats for servers.","timestamp":"15-12-2025 12:08:35"}
{"level":"debug","message":"Checking for streamers in servers.","timestamp":"15-12-2025 12:13:35"}
{"level":"debug","message":"Starting streaming RSS timers for servers.","timestamp":"15-12-2025 12:13:35"}
{"level":"info","message":"Getting traffic data","timestamp":"15-12-2025 12:23:33"}
{"level":"debug","message":"Collecting stats for servers.","timestamp":"15-12-2025 12:23:35"}
{"level":"debug","message":"Checking for streamers in servers.","timestamp":"15-12-2025 12:23:35"}
{"level":"debug","message":"Starting streaming RSS timers for servers.","timestamp":"15-12-2025 12:23:35"}
{"guilds":10,"level":"debug","message":"Posted stats to discordbotlist.com","timestamp":"15-12-2025 12:23:35"}
{"level":"debug","message":"Checking for streamers in servers.","timestamp":"15-12-2025 12:33:35"}
{"level":"debug","message":"Starting streaming RSS timers for servers.","timestamp":"15-12-2025 12:33:35"}
{"level":"debug","message":"Collecting stats for servers.","timestamp":"15-12-2025 12:38:35"}
{"level":"debug","message":"Checking for streamers in servers.","timestamp":"15-12-2025 12:43:35"}
{"level":"debug","message":"Starting streaming RSS timers for servers.","timestamp":"15-12-2025 12:43:35"}
{"level":"debug","message":"Collecting stats for servers.","timestamp":"15-12-2025 12:53:35"}
{"level":"debug","message":"Checking for streamers in servers.","timestamp":"15-12-2025 12:53:35"}
{"level":"debug","message":"Starting streaming RSS timers for servers.","timestamp":"15-12-2025 12:53:35"}
{"guilds":10,"level":"debug","message":"Posted stats to discordbotlist.com","timestamp":"15-12-2025 12:53:35"}
{"level":"debug","message":"Checking for streamers in servers.","timestamp":"15-12-2025 13:03:35"}
{"level":"debug","message":"Starting streaming RSS timers for servers.","timestamp":"15-12-2025 13:03:35"}
{"level":"debug","message":"Collecting stats for servers.","timestamp":"15-12-2025 13:08:35"}
{"level":"debug","message":"Checking for streamers in servers.","timestamp":"15-12-2025 13:13:35"}
{"level":"debug","message":"Starting streaming RSS timers for servers.","timestamp":"15-12-2025 13:13:35"}
{"level":"info","message":"Getting traffic data","timestamp":"15-12-2025 13:23:33"}
{"level":"debug","message":"Collecting stats for servers.","timestamp":"15-12-2025 13:23:35"}
{"level":"debug","message":"Checking for streamers in servers.","timestamp":"15-12-2025 13:23:35"}
{"level":"debug","message":"Starting streaming RSS timers for servers.","timestamp":"15-12-2025 13:23:35"}
{"guilds":10,"level":"debug","message":"Posted stats to discordbotlist.com","timestamp":"15-12-2025 13:23:35"}
{"level":"debug","message":"Checking for streamers in servers.","timestamp":"15-12-2025 13:33:35"}
{"level":"debug","message":"Starting streaming RSS timers for servers.","timestamp":"15-12-2025 13:33:35"}
{"level":"debug","message":"Collecting stats for servers.","timestamp":"15-12-2025 13:38:35"}
{"level":"debug","message":"Checking for streamers in servers.","timestamp":"15-12-2025 13:43:35"}
{"level":"debug","message":"Starting streaming RSS timers for servers.","timestamp":"15-12-2025 13:43:35"}
{"level":"debug","message":"Collecting stats for servers.","timestamp":"15-12-2025 13:53:35"}
{"level":"debug","message":"Checking for streamers in servers.","timestamp":"15-12-2025 13:53:35"}
{"level":"debug","message":"Starting streaming RSS timers for servers.","timestamp":"15-12-2025 13:53:35"}
{"guilds":10,"level":"debug","message":"Posted stats to discordbotlist.com","timestamp":"15-12-2025 13:53:35"}
{"level":"debug","message":"Checking for streamers in servers.","timestamp":"15-12-2025 14:03:35"}
{"level":"debug","message":"Starting streaming RSS timers for servers.","timestamp":"15-12-2025 14:03:35"}
{"level":"debug","message":"Collecting stats for servers.","timestamp":"15-12-2025 14:08:35"}
{"level":"debug","message":"Checking for streamers in servers.","timestamp":"15-12-2025 14:13:35"}
{"level":"debug","message":"Starting streaming RSS timers for servers.","timestamp":"15-12-2025 14:13:35"}
{"level":"info","message":"Getting traffic data","timestamp":"15-12-2025 14:23:33"}
{"level":"debug","message":"Collecting stats for servers.","timestamp":"15-12-2025 14:23:35"}
{"level":"debug","message":"Checking for streamers in servers.","timestamp":"15-12-2025 14:23:35"}
{"level":"debug","message":"Starting streaming RSS timers for servers.","timestamp":"15-12-2025 14:23:35"}
{"guilds":10,"level":"debug","message":"Posted stats to discordbotlist.com","timestamp":"15-12-2025 14:23:35"}
{"level":"debug","message":"Checking for streamers in servers.","timestamp":"15-12-2025 14:33:35"}
{"level":"debug","message":"Starting streaming RSS timers for servers.","timestamp":"15-12-2025 14:33:35"}
{"level":"debug","message":"Collecting stats for servers.","timestamp":"15-12-2025 14:38:35"}
{"level":"debug","message":"Checking for streamers in servers.","timestamp":"15-12-2025 14:43:35"}
{"level":"debug","message":"Starting streaming RSS timers for servers.","timestamp":"15-12-2025 14:43:35"}
{"level":"debug","message":"Collecting stats for servers.","timestamp":"15-12-2025 14:53:35"}
{"level":"debug","message":"Checking for streamers in servers.","timestamp":"15-12-2025 14:53:35"}
{"level":"debug","message":"Starting streaming RSS timers for servers.","timestamp":"15-12-2025 14:53:35"}
{"guilds":10,"level":"debug","message":"Posted stats to discordbotlist.com","timestamp":"15-12-2025 14:53:35"}
{"level":"debug","message":"Checking for streamers in servers.","timestamp":"15-12-2025 15:03:35"}
{"level":"debug","message":"Starting streaming RSS timers for servers.","timestamp":"15-12-2025 15:03:35"}
{"level":"debug","message":"Collecting stats for servers.","timestamp":"15-12-2025 15:08:35"}
{"level":"debug","message":"Checking for streamers in servers.","timestamp":"15-12-2025 15:13:35"}
{"level":"debug","message":"Starting streaming RSS timers for servers.","timestamp":"15-12-2025 15:13:35"}
{"level":"info","message":"Getting traffic data","timestamp":"15-12-2025 15:23:33"}
{"level":"debug","message":"Collecting stats for servers.","timestamp":"15-12-2025 15:23:35"}
{"level":"debug","message":"Checking for streamers in servers.","timestamp":"15-12-2025 15:23:35"}
{"level":"debug","message":"Starting streaming RSS timers for servers.","timestamp":"15-12-2025 15:23:35"}
{"guilds":10,"level":"debug","message":"Posted stats to discordbotlist.com","timestamp":"15-12-2025 15:23:35"}
{"level":"debug","message":"Checking for streamers in servers.","timestamp":"15-12-2025 15:33:35"}
{"level":"debug","message":"Starting streaming RSS timers for servers.","timestamp":"15-12-2025 15:33:35"}
{"level":"debug","message":"Collecting stats for servers.","timestamp":"15-12-2025 15:38:35"}
{"level":"debug","message":"Checking for streamers in servers.","timestamp":"15-12-2025 15:43:35"}
{"level":"debug","message":"Starting streaming RSS timers for servers.","timestamp":"15-12-2025 15:43:35"}
{"level":"debug","message":"Collecting stats for servers.","timestamp":"15-12-2025 15:53:35"}
{"level":"debug","message":"Checking for streamers in servers.","timestamp":"15-12-2025 15:53:35"}
{"level":"debug","message":"Starting streaming RSS timers for servers.","timestamp":"15-12-2025 15:53:35"}
{"guilds":10,"level":"debug","message":"Posted stats to discordbotlist.com","timestamp":"15-12-2025 15:53:35"}
{"level":"debug","message":"Checking for streamers in servers.","timestamp":"15-12-2025 16:03:35"}
{"level":"debug","message":"Starting streaming RSS timers for servers.","timestamp":"15-12-2025 16:03:35"}
{"level":"debug","message":"Collecting stats for servers.","timestamp":"15-12-2025 16:08:35"}
{"level":"debug","message":"Checking for streamers in servers.","timestamp":"15-12-2025 16:13:35"}
{"level":"debug","message":"Starting streaming RSS timers for servers.","timestamp":"15-12-2025 16:13:35"}
{"level":"info","message":"Getting traffic data","timestamp":"15-12-2025 16:23:33"}
{"level":"debug","message":"Collecting stats for servers.","timestamp":"15-12-2025 16:23:35"}
{"level":"debug","message":"Checking for streamers in servers.","timestamp":"15-12-2025 16:23:35"}
{"level":"debug","message":"Starting streaming RSS timers for servers.","timestamp":"15-12-2025 16:23:35"}
{"guilds":10,"level":"debug","message":"Posted stats to discordbotlist.com","timestamp":"15-12-2025 16:23:35"}
{"level":"debug","message":"Checking for streamers in servers.","timestamp":"15-12-2025 16:33:35"}
{"level":"debug","message":"Starting streaming RSS timers for servers.","timestamp":"15-12-2025 16:33:35"}
{"level":"debug","message":"Collecting stats for servers.","timestamp":"15-12-2025 16:38:35"}
{"level":"debug","message":"Checking for streamers in servers.","timestamp":"15-12-2025 16:43:35"}
{"level":"debug","message":"Starting streaming RSS timers for servers.","timestamp":"15-12-2025 16:43:35"}
{"isWeekend":false,"level":"info","message":"Processed vote","pointsAwarded":0,"site":"discordbotlist","timestamp":"15-12-2025 16:47:58","userId":"218536118591684613"}
{"level":"debug","message":"Collecting stats for servers.","timestamp":"15-12-2025 16:53:35"}
{"level":"debug","message":"Checking for streamers in servers.","timestamp":"15-12-2025 16:53:35"}
{"level":"debug","message":"Starting streaming RSS timers for servers.","timestamp":"15-12-2025 16:53:35"}
{"guilds":10,"level":"debug","message":"Posted stats to discordbotlist.com","timestamp":"15-12-2025 16:53:35"}
{"level":"debug","message":"Checking for streamers in servers.","timestamp":"15-12-2025 17:03:35"}
{"level":"debug","message":"Starting streaming RSS timers for servers.","timestamp":"15-12-2025 17:03:35"}
{"config":{"dsn":"https://0b7841092ddef2d463e8211da0772fc9@sentry.thecorehosting.net/3","environment":"production","release":"Skynet.production.1.1.0","tracesSampleRate":1},"level":"info","message":"Connecting this Logger instance with Sentry.","timestamp":"15-12-2025 17:08:14"}
{"config":{"host":"10.10.20.105"},"level":"debug","message":"Connecting to MariaDB...","timestamp":"15-12-2025 17:08:15"}
{"level":"info","message":"Successfully connected to MariaDB!","timestamp":"15-12-2025 17:08:15"}
{"level":"debug","message":"Ensuring all guilds have a serverDocument.","timestamp":"15-12-2025 17:08:15"}
{"level":"info","message":"Created documents for 1 new servers!","timestamp":"15-12-2025 17:08:15"}
{"level":"info","message":"Successfully inserted 1 new server documents into the database! \\o/","timestamp":"15-12-2025 17:08:15"}
{"level":"debug","message":"Setting bots playing activity.","timestamp":"15-12-2025 17:08:15"}
{"level":"debug","message":"Creating messages_today timers.","timestamp":"15-12-2025 17:08:15"}
{"level":"debug","message":"Resetting voice_data for all guilds.","timestamp":"15-12-2025 17:08:15"}
{"level":"debug","message":"Collecting stats for servers.","timestamp":"15-12-2025 17:08:15"}
{"level":"debug","message":"Checking for streamers in servers.","timestamp":"15-12-2025 17:08:15"}
{"level":"debug","message":"Setting existing countdowns in servers.","timestamp":"15-12-2025 17:08:15"}
{"level":"debug","message":"Starting MOTD timers for servers.","timestamp":"15-12-2025 17:08:15"}
{"level":"debug","message":"Starting streaming RSS timers for servers.","timestamp":"15-12-2025 17:08:15"}
{"level":"debug","message":"Setting existing giveaways for servers.","timestamp":"15-12-2025 17:08:15"}
{"level":"debug","message":"Setting existing reminders for all users.","timestamp":"15-12-2025 17:08:15"}
{"level":"debug","message":"Posting stats data to Discord Bot listings.","timestamp":"15-12-2025 17:08:15"}
{"level":"debug","message":"Reloading all commands.","timestamp":"15-12-2025 17:08:15"}
{"level":"info","message":"TempRoleManager started","timestamp":"15-12-2025 17:08:16"}
{"level":"info","message":"Hey boss, we're ready to be intrepid, and explode.","timestamp":"15-12-2025 17:08:16"}
{"level":"debug","message":"Uptime Kuma push heartbeat not configured, skipping","timestamp":"15-12-2025 17:08:16"}
{"level":"debug","message":"Started Prometheus metrics collection interval","timestamp":"15-12-2025 17:08:16"}
{"level":"info","message":"Cloudflare integration initialized","timestamp":"15-12-2025 17:08:16"}
{"level":"info","message":"BotLists module initialized","timestamp":"15-12-2025 17:08:16"}
{"level":"info","message":"IndexNow integration initialized","timestamp":"15-12-2025 17:08:16"}
{"blockedCountries":0,"level":"info","message":"Cloudflare middleware enabled","requireProxy":false,"timestamp":"15-12-2025 17:08:16"}
{"level":"info","message":"Using MariaDB session store","timestamp":"15-12-2025 17:08:16"}
{"level":"info","message":"Sentry Express error handler initialized for web error tracking","timestamp":"15-12-2025 17:08:16"}
{"level":"debug","message":"Loaded slash command: about","timestamp":"15-12-2025 17:08:16"}
{"level":"debug","message":"Loaded slash command: afk","timestamp":"15-12-2025 17:08:16"}
{"level":"debug","message":"Loaded slash command: ai","timestamp":"15-12-2025 17:08:16"}
{"level":"debug","message":"Loaded slash command: alert","timestamp":"15-12-2025 17:08:16"}
{"level":"debug","message":"Loaded slash command: altcheck","timestamp":"15-12-2025 17:08:16"}
{"level":"debug","message":"Loaded slash command: analytics","timestamp":"15-12-2025 17:08:16"}
{"level":"debug","message":"Loaded slash command: animal","timestamp":"15-12-2025 17:08:16"}
{"level":"debug","message":"Loaded slash command: announce","timestamp":"15-12-2025 17:08:16"}
{"level":"debug","message":"Loaded slash command: antinuke","timestamp":"15-12-2025 17:08:16"}
{"level":"debug","message":"Loaded slash command: antiraid","timestamp":"15-12-2025 17:08:16"}
{"level":"debug","message":"Loaded slash command: antispam","timestamp":"15-12-2025 17:08:16"}
{"level":"debug","message":"Loaded slash command: appstore","timestamp":"15-12-2025 17:08:16"}
{"level":"debug","message":"Loaded slash command: archive","timestamp":"15-12-2025 17:08:16"}
{"level":"debug","message":"Loaded slash command: audit","timestamp":"15-12-2025 17:08:16"}
{"level":"debug","message":"Loaded slash command: automod","timestamp":"15-12-2025 17:08:16"}
{"level":"debug","message":"Loaded slash command: avatar","timestamp":"15-12-2025 17:08:16"}
{"level":"debug","message":"Loaded slash command: backup","timestamp":"15-12-2025 17:08:16"}
{"level":"debug","message":"Loaded slash command: ban","timestamp":"15-12-2025 17:08:16"}
{"level":"debug","message":"Loaded slash command: channel","timestamp":"15-12-2025 17:08:16"}
{"level":"debug","message":"Loaded slash command: count","timestamp":"15-12-2025 17:08:16"}
{"level":"debug","message":"Loaded slash command: emoji","timestamp":"15-12-2025 17:08:16"}
{"level":"debug","message":"Loaded slash command: filter","timestamp":"15-12-2025 17:08:16"}
{"level":"debug","message":"Loaded slash command: games","timestamp":"15-12-2025 17:08:16"}
{"level":"debug","message":"Loaded slash command: giveaway","timestamp":"15-12-2025 17:08:16"}
{"level":"debug","message":"Loaded slash command: help","timestamp":"15-12-2025 17:08:16"}
{"level":"debug","message":"Loaded slash command: info","timestamp":"15-12-2025 17:08:16"}
{"level":"debug","message":"Loaded slash command: interact","timestamp":"15-12-2025 17:08:16"}
{"level":"debug","message":"Loaded slash command: invite","timestamp":"15-12-2025 17:08:16"}
{"level":"debug","message":"Loaded slash command: invites","timestamp":"15-12-2025 17:08:16"}
{"level":"debug","message":"Loaded slash command: kick","timestamp":"15-12-2025 17:08:16"}
{"level":"debug","message":"Loaded slash command: list","timestamp":"15-12-2025 17:08:16"}
{"level":"debug","message":"Loaded slash command: logs","timestamp":"15-12-2025 17:08:16"}
{"level":"debug","message":"Loaded slash command: lookup","timestamp":"15-12-2025 17:08:16"}
{"level":"debug","message":"Loaded slash command: lottery","timestamp":"15-12-2025 17:08:16"}
{"level":"debug","message":"Loaded slash command: media","timestamp":"15-12-2025 17:08:16"}
{"level":"debug","message":"Loaded slash command: messages","timestamp":"15-12-2025 17:08:16"}
{"level":"debug","message":"Loaded slash command: modlog","timestamp":"15-12-2025 17:08:16"}
{"level":"debug","message":"Loaded slash command: mute","timestamp":"15-12-2025 17:08:16"}
{"level":"debug","message":"Loaded slash command: nick","timestamp":"15-12-2025 17:08:16"}
{"level":"debug","message":"Loaded slash command: nuke","timestamp":"15-12-2025 17:08:16"}
{"level":"debug","message":"Loaded slash command: onboard","timestamp":"15-12-2025 17:08:16"}
{"level":"debug","message":"Loaded slash command: ping","timestamp":"15-12-2025 17:08:16"}
{"level":"debug","message":"Loaded slash command: pins","timestamp":"15-12-2025 17:08:16"}
{"level":"debug","message":"Loaded slash command: points","timestamp":"15-12-2025 17:08:16"}
{"level":"debug","message":"Loaded slash command: poll","timestamp":"15-12-2025 17:08:16"}
{"level":"debug","message":"Loaded slash command: prefix","timestamp":"15-12-2025 17:08:16"}
{"level":"debug","message":"Loaded slash command: profile","timestamp":"15-12-2025 17:08:16"}
{"level":"debug","message":"Loaded slash command: quiet","timestamp":"15-12-2025 17:08:16"}
{"level":"debug","message":"Loaded slash command: ranks","timestamp":"15-12-2025 17:08:16"}
{"level":"debug","message":"Loaded slash command: reason","timestamp":"15-12-2025 17:08:16"}
{"level":"debug","message":"Loaded slash command: remindme","timestamp":"15-12-2025 17:08:16"}
{"level":"debug","message":"Loaded slash command: role","timestamp":"15-12-2025 17:08:16"}
{"level":"debug","message":"Loaded slash command: roleinfo","timestamp":"15-12-2025 17:08:16"}
{"level":"debug","message":"Loaded slash command: roles","timestamp":"15-12-2025 17:08:16"}
{"level":"debug","message":"Loaded slash command: room","timestamp":"15-12-2025 17:08:16"}
{"level":"debug","message":"Loaded slash command: rss","timestamp":"15-12-2025 17:08:16"}
{"level":"debug","message":"Loaded slash command: say","timestamp":"15-12-2025 17:08:16"}
{"level":"debug","message":"Loaded slash command: search","timestamp":"15-12-2025 17:08:16"}
{"level":"debug","message":"Loaded slash command: server","timestamp":"15-12-2025 17:08:16"}
{"level":"debug","message":"Loaded slash command: slowmode","timestamp":"15-12-2025 17:08:16"}
{"level":"debug","message":"Loaded slash command: snipe","timestamp":"15-12-2025 17:08:16"}
{"level":"debug","message":"Loaded slash command: softban","timestamp":"15-12-2025 17:08:16"}
{"level":"debug","message":"Loaded slash command: starboard","timestamp":"15-12-2025 17:08:16"}
{"level":"debug","message":"Loaded slash command: stats","timestamp":"15-12-2025 17:08:16"}
{"level":"debug","message":"Loaded slash command: streamers","timestamp":"15-12-2025 17:08:16"}
{"level":"debug","message":"Loaded slash command: strike","timestamp":"15-12-2025 17:08:16"}
{"level":"debug","message":"Loaded slash command: strikes","timestamp":"15-12-2025 17:08:16"}
{"level":"debug","message":"Loaded slash command: suggest","timestamp":"15-12-2025 17:08:16"}
{"level":"debug","message":"Loaded slash command: tag","timestamp":"15-12-2025 17:08:16"}
{"level":"debug","message":"Loaded slash command: tempban","timestamp":"15-12-2025 17:08:16"}
{"level":"debug","message":"Loaded slash command: toggle","timestamp":"15-12-2025 17:08:16"}
{"level":"debug","message":"Loaded slash command: trivia","timestamp":"15-12-2025 17:08:16"}
{"level":"debug","message":"Loaded slash command: unban","timestamp":"15-12-2025 17:08:16"}
{"level":"debug","message":"Loaded slash command: unmute","timestamp":"15-12-2025 17:08:16"}
{"level":"debug","message":"Loaded slash command: userinfo","timestamp":"15-12-2025 17:08:16"}
{"level":"debug","message":"Loaded slash command: verify","timestamp":"15-12-2025 17:08:16"}
{"level":"debug","message":"Loaded slash command: voice","timestamp":"15-12-2025 17:08:16"}
{"level":"info","message":"Loaded 77 slash commands","timestamp":"15-12-2025 17:08:16"}
{"level":"info","message":"Registering 77 slash commands...","timestamp":"15-12-2025 17:08:16"}
{"level":"info","message":"Opened http web interface on 0.0.0.0:8080","timestamp":"15-12-2025 17:08:16"}
{"level":"info","message":"GitHub OAuth strategy initialized for account linking","timestamp":"15-12-2025 17:08:16"}
{"level":"info","message":"Registered 77 guild slash commands","timestamp":"15-12-2025 17:08:16"}
{"level":"info","message":"Slash commands initialized!","timestamp":"15-12-2025 17:08:16"}
{"level":"info","message":"Worker for shard 0 is up and running!","timestamp":"15-12-2025 17:08:20"}
{"guilds":10,"level":"debug","message":"Posted stats to discordbotlist.com","timestamp":"15-12-2025 17:08:26"}
{"count":77,"level":"info","message":"Posted slash commands to discordbotlist.com","timestamp":"15-12-2025 17:08:31"}
{"level":"debug","message":"Checking for streamers in servers.","timestamp":"15-12-2025 17:18:15"}
{"level":"debug","message":"Starting streaming RSS timers for servers.","timestamp":"15-12-2025 17:18:15"}
{"level":"debug","message":"Collecting stats for servers.","timestamp":"15-12-2025 17:23:15"}
{"level":"debug","message":"Checking for streamers in servers.","timestamp":"15-12-2025 17:28:15"}
{"level":"debug","message":"Starting streaming RSS timers for servers.","timestamp":"15-12-2025 17:28:15"}
{"level":"debug","message":"Collecting stats for servers.","timestamp":"15-12-2025 17:38:15"}
{"level":"debug","message":"Checking for streamers in servers.","timestamp":"15-12-2025 17:38:15"}
{"level":"debug","message":"Starting streaming RSS timers for servers.","timestamp":"15-12-2025 17:38:15"}
{"guilds":10,"level":"debug","message":"Posted stats to discordbotlist.com","timestamp":"15-12-2025 17:38:16"}
{"level":"debug","message":"Checking for streamers in servers.","timestamp":"15-12-2025 17:48:15"}
{"level":"debug","message":"Starting streaming RSS timers for servers.","timestamp":"15-12-2025 17:48:15"}
{"level":"debug","message":"Collecting stats for servers.","timestamp":"15-12-2025 17:53:15"}
{"level":"debug","message":"Checking for streamers in servers.","timestamp":"15-12-2025 17:58:15"}
{"level":"debug","message":"Starting streaming RSS timers for servers.","timestamp":"15-12-2025 17:58:15"}
{"level":"info","message":"Getting traffic data","timestamp":"15-12-2025 18:08:14"}
{"level":"debug","message":"Collecting stats for servers.","timestamp":"15-12-2025 18:08:15"}
{"level":"debug","message":"Checking for streamers in servers.","timestamp":"15-12-2025 18:08:15"}
{"level":"debug","message":"Starting streaming RSS timers for servers.","timestamp":"15-12-2025 18:08:15"}
{"guilds":10,"level":"debug","message":"Posted stats to discordbotlist.com","timestamp":"15-12-2025 18:08:16"}
{"level":"debug","message":"Checking for streamers in servers.","timestamp":"15-12-2025 18:18:15"}
{"level":"debug","message":"Starting streaming RSS timers for servers.","timestamp":"15-12-2025 18:18:15"}
{"level":"debug","message":"Collecting stats for servers.","timestamp":"15-12-2025 18:23:15"}
{"level":"debug","message":"Checking for streamers in servers.","timestamp":"15-12-2025 18:28:15"}
{"level":"debug","message":"Starting streaming RSS timers for servers.","timestamp":"15-12-2025 18:28:15"}
{"level":"debug","message":"Collecting stats for servers.","timestamp":"15-12-2025 18:38:15"}
{"level":"debug","message":"Checking for streamers in servers.","timestamp":"15-12-2025 18:38:15"}
{"level":"debug","message":"Starting streaming RSS timers for servers.","timestamp":"15-12-2025 18:38:15"}
{"guilds":10,"level":"debug","message":"Posted stats to discordbotlist.com","timestamp":"15-12-2025 18:38:16"}
{"level":"debug","message":"Checking for streamers in servers.","timestamp":"15-12-2025 18:48:15"}
{"level":"debug","message":"Starting streaming RSS timers for servers.","timestamp":"15-12-2025 18:48:15"}
{"level":"debug","message":"Collecting stats for servers.","timestamp":"15-12-2025 18:53:15"}
{"level":"debug","message":"Checking for streamers in servers.","timestamp":"15-12-2025 18:58:15"}
{"level":"debug","message":"Starting streaming RSS timers for servers.","timestamp":"15-12-2025 18:58:15"}
{"level":"info","message":"Getting traffic data","timestamp":"15-12-2025 19:08:14"}
{"level":"debug","message":"Collecting stats for servers.","timestamp":"15-12-2025 19:08:15"}
{"level":"debug","message":"Checking for streamers in servers.","timestamp":"15-12-2025 19:08:15"}
{"level":"debug","message":"Starting streaming RSS timers for servers.","timestamp":"15-12-2025 19:08:15"}
{"guilds":10,"level":"debug","message":"Posted stats to discordbotlist.com","timestamp":"15-12-2025 19:08:16"}
{"level":"debug","message":"Checking for streamers in servers.","timestamp":"15-12-2025 19:18:15"}
{"level":"debug","message":"Starting streaming RSS timers for servers.","timestamp":"15-12-2025 19:18:15"}
{"level":"debug","message":"Collecting stats for servers.","timestamp":"15-12-2025 19:23:15"}
{"level":"debug","message":"Checking for streamers in servers.","timestamp":"15-12-2025 19:28:15"}
{"level":"debug","message":"Starting streaming RSS timers for servers.","timestamp":"15-12-2025 19:28:15"}
{"level":"debug","message":"Collecting stats for servers.","timestamp":"15-12-2025 19:38:15"}
{"level":"debug","message":"Checking for streamers in servers.","timestamp":"15-12-2025 19:38:15"}
{"level":"debug","message":"Starting streaming RSS timers for servers.","timestamp":"15-12-2025 19:38:15"}
{"guilds":10,"level":"debug","message":"Posted stats to discordbotlist.com","timestamp":"15-12-2025 19:38:16"}
{"level":"debug","message":"Checking for streamers in servers.","timestamp":"15-12-2025 19:48:15"}
{"level":"debug","message":"Starting streaming RSS timers for servers.","timestamp":"15-12-2025 19:48:15"}
{"level":"debug","message":"Collecting stats for servers.","timestamp":"15-12-2025 19:53:15"}
{"level":"debug","message":"Checking for streamers in servers.","timestamp":"15-12-2025 19:58:15"}
{"level":"debug","message":"Starting streaming RSS timers for servers.","timestamp":"15-12-2025 19:58:15"}
{"level":"info","message":"Getting traffic data","timestamp":"15-12-2025 20:08:14"}
{"level":"debug","message":"Collecting stats for servers.","timestamp":"15-12-2025 20:08:15"}
{"level":"debug","message":"Checking for streamers in servers.","timestamp":"15-12-2025 20:08:15"}
{"level":"debug","message":"Starting streaming RSS timers for servers.","timestamp":"15-12-2025 20:08:15"}
{"guilds":10,"level":"debug","message":"Posted stats to discordbotlist.com","timestamp":"15-12-2025 20:08:16"}
{"level":"debug","message":"Checking for streamers in servers.","timestamp":"15-12-2025 20:18:15"}
{"level":"debug","message":"Starting streaming RSS timers for servers.","timestamp":"15-12-2025 20:18:15"}
{"level":"debug","message":"Collecting stats for servers.","timestamp":"15-12-2025 20:23:15"}
{"level":"debug","message":"Checking for streamers in servers.","timestamp":"15-12-2025 20:28:15"}
{"level":"debug","message":"Starting streaming RSS timers for servers.","timestamp":"15-12-2025 20:28:15"}
{"level":"debug","message":"Collecting stats for servers.","timestamp":"15-12-2025 20:38:15"}
{"level":"debug","message":"Checking for streamers in servers.","timestamp":"15-12-2025 20:38:15"}
{"level":"debug","message":"Starting streaming RSS timers for servers.","timestamp":"15-12-2025 20:38:15"}
{"guilds":10,"level":"debug","message":"Posted stats to discordbotlist.com","timestamp":"15-12-2025 20:38:16"}
{"level":"debug","message":"Checking for streamers in servers.","timestamp":"15-12-2025 20:48:15"}
{"level":"debug","message":"Starting streaming RSS timers for servers.","timestamp":"15-12-2025 20:48:15"}
{"level":"debug","message":"Collecting stats for servers.","timestamp":"15-12-2025 20:53:15"}
{"level":"debug","message":"Checking for streamers in servers.","timestamp":"15-12-2025 20:58:15"}
{"level":"debug","message":"Starting streaming RSS timers for servers.","timestamp":"15-12-2025 20:58:15"}
{"level":"info","message":"Getting traffic data","timestamp":"15-12-2025 21:08:14"}
{"level":"debug","message":"Collecting stats for servers.","timestamp":"15-12-2025 21:08:15"}
{"level":"debug","message":"Checking for streamers in servers.","timestamp":"15-12-2025 21:08:15"}
{"level":"debug","message":"Starting streaming RSS timers for servers.","timestamp":"15-12-2025 21:08:15"}
{"guilds":10,"level":"debug","message":"Posted stats to discordbotlist.com","timestamp":"15-12-2025 21:08:16"}
{"level":"debug","message":"Checking for streamers in servers.","timestamp":"15-12-2025 21:18:15"}
{"level":"debug","message":"Starting streaming RSS timers for servers.","timestamp":"15-12-2025 21:18:15"}
{"level":"debug","message":"Collecting stats for servers.","timestamp":"15-12-2025 21:23:15"}
{"level":"debug","message":"Checking for streamers in servers.","timestamp":"15-12-2025 21:28:15"}
{"level":"debug","message":"Starting streaming RSS timers for servers.","timestamp":"15-12-2025 21:28:15"}
{"level":"debug","message":"Collecting stats for servers.","timestamp":"15-12-2025 21:38:15"}
{"level":"debug","message":"Checking for streamers in servers.","timestamp":"15-12-2025 21:38:15"}
{"level":"debug","message":"Starting streaming RSS timers for servers.","timestamp":"15-12-2025 21:38:15"}
{"guilds":10,"level":"debug","message":"Posted stats to discordbotlist.com","timestamp":"15-12-2025 21:38:16"}
{"level":"debug","message":"Checking for streamers in servers.","timestamp":"15-12-2025 21:48:15"}
{"level":"debug","message":"Starting streaming RSS timers for servers.","timestamp":"15-12-2025 21:48:15"}
{"level":"debug","message":"Collecting stats for servers.","timestamp":"15-12-2025 21:53:15"}
{"level":"debug","message":"Checking for streamers in servers.","timestamp":"15-12-2025 21:58:15"}
{"level":"debug","message":"Starting streaming RSS timers for servers.","timestamp":"15-12-2025 21:58:15"}
{"level":"info","message":"Getting traffic data","timestamp":"15-12-2025 22:08:14"}
{"level":"debug","message":"Collecting stats for servers.","timestamp":"15-12-2025 22:08:15"}
{"level":"debug","message":"Checking for streamers in servers.","timestamp":"15-12-2025 22:08:15"}
{"level":"debug","message":"Starting streaming RSS timers for servers.","timestamp":"15-12-2025 22:08:15"}
{"guilds":10,"level":"debug","message":"Posted stats to discordbotlist.com","timestamp":"15-12-2025 22:08:16"}
{"level":"debug","message":"Checking for streamers in servers.","timestamp":"15-12-2025 22:18:15"}
{"level":"debug","message":"Starting streaming RSS timers for servers.","timestamp":"15-12-2025 22:18:15"}
{"level":"debug","message":"Collecting stats for servers.","timestamp":"15-12-2025 22:23:15"}
{"level":"debug","message":"Checking for streamers in servers.","timestamp":"15-12-2025 22:28:15"}
{"level":"debug","message":"Starting streaming RSS timers for servers.","timestamp":"15-12-2025 22:28:15"}
{"level":"debug","message":"Collecting stats for servers.","timestamp":"15-12-2025 22:38:15"}
{"level":"debug","message":"Checking for streamers in servers.","timestamp":"15-12-2025 22:38:15"}
{"level":"debug","message":"Starting streaming RSS timers for servers.","timestamp":"15-12-2025 22:38:15"}
{"guilds":10,"level":"debug","message":"Posted stats to discordbotlist.com","timestamp":"15-12-2025 22:38:16"}
{"level":"debug","message":"Checking for streamers in servers.","timestamp":"15-12-2025 22:48:15"}
{"level":"debug","message":"Starting streaming RSS timers for servers.","timestamp":"15-12-2025 22:48:15"}
{"level":"debug","message":"Collecting stats for servers.","timestamp":"15-12-2025 22:53:15"}
{"level":"debug","message":"Checking for streamers in servers.","timestamp":"15-12-2025 22:58:15"}
{"level":"debug","message":"Starting streaming RSS timers for servers.","timestamp":"15-12-2025 22:58:15"}
{"level":"info","message":"Getting traffic data","timestamp":"15-12-2025 23:08:14"}
{"level":"debug","message":"Collecting stats for servers.","timestamp":"15-12-2025 23:08:15"}
{"level":"debug","message":"Checking for streamers in servers.","timestamp":"15-12-2025 23:08:15"}
{"level":"debug","message":"Starting streaming RSS timers for servers.","timestamp":"15-12-2025 23:08:15"}
{"guilds":10,"level":"debug","message":"Posted stats to discordbotlist.com","timestamp":"15-12-2025 23:08:16"}
{"level":"debug","message":"Checking for streamers in servers.","timestamp":"15-12-2025 23:18:15"}
{"level":"debug","message":"Starting streaming RSS timers for servers.","timestamp":"15-12-2025 23:18:15"}
{"level":"debug","message":"Collecting stats for servers.","timestamp":"15-12-2025 23:23:15"}
{"level":"debug","message":"Checking for streamers in servers.","timestamp":"15-12-2025 23:28:15"}
{"level":"debug","message":"Starting streaming RSS timers for servers.","timestamp":"15-12-2025 23:28:15"}
{"level":"debug","message":"Collecting stats for servers.","timestamp":"15-12-2025 23:38:15"}
{"level":"debug","message":"Checking for streamers in servers.","timestamp":"15-12-2025 23:38:15"}
{"level":"debug","message":"Starting streaming RSS timers for servers.","timestamp":"15-12-2025 23:38:15"}
{"guilds":10,"level":"debug","message":"Posted stats to discordbotlist.com","timestamp":"15-12-2025 23:38:16"}
{"level":"debug","message":"Checking for streamers in servers.","timestamp":"15-12-2025 23:48:15"}
{"level":"debug","message":"Starting streaming RSS timers for servers.","timestamp":"15-12-2025 23:48:15"}
{"level":"debug","message":"Collecting stats for servers.","timestamp":"15-12-2025 23:53:15"}
{"level":"debug","message":"Checking for streamers in servers.","timestamp":"15-12-2025 23:58:15"}
{"level":"debug","message":"Starting streaming RSS timers for servers.","timestamp":"15-12-2025 23:58:15"}
