{"level":"debug","message":"Fetching traffic data.","timestamp":"15-12-2025 00:23:33"}
{"level":"debug","message":"Fetching traffic data.","timestamp":"15-12-2025 01:23:33"}
{"level":"debug","message":"Fetching traffic data.","timestamp":"15-12-2025 02:23:33"}
{"level":"debug","message":"Fetching traffic data.","timestamp":"15-12-2025 03:23:33"}
{"level":"debug","message":"Fetching traffic data.","timestamp":"15-12-2025 04:23:33"}
{"level":"debug","message":"Fetching traffic data.","timestamp":"15-12-2025 05:23:33"}
{"level":"debug","message":"Fetching traffic data.","timestamp":"15-12-2025 06:23:33"}
{"level":"debug","message":"Fetching traffic data.","timestamp":"15-12-2025 07:23:33"}
{"level":"debug","message":"Fetching traffic data.","timestamp":"15-12-2025 08:23:33"}
{"level":"debug","message":"Fetching traffic data.","timestamp":"15-12-2025 09:23:33"}
{"level":"debug","message":"Fetching traffic data.","timestamp":"15-12-2025 10:23:33"}
{"level":"debug","message":"Fetching traffic data.","timestamp":"15-12-2025 11:23:33"}
{"level":"debug","message":"Fetching traffic data.","timestamp":"15-12-2025 12:23:33"}
{"level":"debug","message":"Fetching traffic data.","timestamp":"15-12-2025 13:23:33"}
{"level":"debug","message":"Fetching traffic data.","timestamp":"15-12-2025 14:23:33"}
{"level":"debug","message":"Fetching traffic data.","timestamp":"15-12-2025 15:23:33"}
{"level":"debug","message":"Fetching traffic data.","timestamp":"15-12-2025 16:23:33"}
{"config":{"dsn":"https://0b7841092ddef2d463e8211da0772fc9@sentry.thecorehosting.net/3","environment":"production","release":"Skynet.production.1.1.0","tracesSampleRate":1},"level":"info","message":"Connecting this Logger instance with Sentry.","timestamp":"15-12-2025 17:08:13"}
{"level":"info","message":"Logging to /usr/src/app/logs/master-skynetbot.log.","timestamp":"15-12-2025 17:08:13"}
{"database":"skynet","host":"10.10.20.105","level":"info","message":"Connecting to MariaDB...","timestamp":"15-12-2025 17:08:13"}
{"level":"info","message":"Connected to MariaDB successfully.","timestamp":"15-12-2025 17:08:14"}
{"level":"debug","message":"Redis connecting...","timestamp":"15-12-2025 17:08:14"}
{"level":"info","message":"Redis client ready","timestamp":"15-12-2025 17:08:14"}
{"level":"info","message":"Redis client initialized successfully.","timestamp":"15-12-2025 17:08:14"}
{"level":"warn","message":"You haven't supplied some auth tokens, make sure to fill in auth.js to make sure all Skynet features function!","timestamp":"15-12-2025 17:08:14"}
{"level":"warn","message":"You are running SkynetBot on a non-standard port, if a reverse-proxy such as Nginx is being used, restart SkynetBot with the '--proxy' argument.","timestamp":"15-12-2025 17:08:14"}
{"level":"info","message":"Getting the recommended shards from Discord...","timestamp":"15-12-2025 17:08:14"}
{"level":"info","message":"SkynetBot will spawn 1 shard(s) as recommended by Discord.","shards":1,"timestamp":"15-12-2025 17:08:14"}
{"level":"info","message":"Worker 1 launched.","timestamp":"15-12-2025 17:08:14","worker":1}
{"level":"info","message":"All shards connected to Discord.","timestamp":"15-12-2025 17:08:15"}
{"level":"info","message":"The best Discord Bot, version 1.1.0, is now ready!","timestamp":"15-12-2025 17:08:16"}
{"level":"debug","message":"Fetching traffic data.","timestamp":"15-12-2025 18:08:14"}
{"level":"debug","message":"Fetching traffic data.","timestamp":"15-12-2025 19:08:14"}
{"level":"debug","message":"Fetching traffic data.","timestamp":"15-12-2025 20:08:14"}
{"level":"debug","message":"Fetching traffic data.","timestamp":"15-12-2025 21:08:14"}
{"level":"debug","message":"Fetching traffic data.","timestamp":"15-12-2025 22:08:14"}
{"level":"debug","message":"Fetching traffic data.","timestamp":"15-12-2025 23:08:14"}
