{"level":"debug","message":"Fetching traffic data from all shards.","timestamp":"19-12-2025 00:09:46"}
{"level":"debug","message":"Fetching traffic data from all shards.","timestamp":"19-12-2025 01:09:46"}
{"level":"debug","message":"Fetching traffic data from all shards.","timestamp":"19-12-2025 02:09:46"}
{"config":{"dsn":"https://0b7841092ddef2d463e8211da0772fc9@sentry.thecorehosting.net/3","environment":"production","release":"Skynet.production.1.6.0","tracesSampleRate":1},"level":"info","message":"Connecting this Logger instance with Sentry.","timestamp":"19-12-2025 02:34:05"}
{"level":"info","message":"Logging to /usr/src/app/logs/master-skynetbot.log.","timestamp":"19-12-2025 02:34:05"}
{"database":"skynet","host":"10.10.20.105","level":"info","message":"Connecting to MariaDB...","timestamp":"19-12-2025 02:34:05"}
{"level":"info","message":"Connected to MariaDB successfully.","timestamp":"19-12-2025 02:34:05"}
{"level":"debug","message":"Redis connecting...","timestamp":"19-12-2025 02:34:05"}
{"level":"info","message":"Redis client ready","timestamp":"19-12-2025 02:34:05"}
{"level":"info","message":"Redis client initialized successfully.","timestamp":"19-12-2025 02:34:05"}
{"level":"warn","message":"You haven't supplied some auth tokens, make sure to fill in auth.js to make sure all Skynet features function!","timestamp":"19-12-2025 02:34:05"}
{"level":"warn","message":"You are running SkynetBot on a non-standard port, if a reverse-proxy such as Nginx is being used, restart SkynetBot with the '--proxy' argument.","timestamp":"19-12-2025 02:34:05"}
{"level":"info","message":"Getting the recommended shards from Discord...","timestamp":"19-12-2025 02:34:05"}
{"level":"info","message":"SkynetBot will spawn 1 shard(s) as recommended by Discord.","shards":1,"timestamp":"19-12-2025 02:34:05"}
{"level":"info","message":"Worker 1 launched.","timestamp":"19-12-2025 02:34:05","worker":1}
{"level":"debug","message":"Fetching traffic data from all shards.","timestamp":"19-12-2025 03:34:05"}
{"config":{"dsn":"https://0b7841092ddef2d463e8211da0772fc9@sentry.thecorehosting.net/3","environment":"production","release":"Skynet.production.1.6.0","tracesSampleRate":1},"level":"info","message":"Connecting this Logger instance with Sentry.","timestamp":"19-12-2025 04:10:28"}
{"level":"info","message":"Logging to /usr/src/app/logs/master-skynetbot.log.","timestamp":"19-12-2025 04:10:28"}
{"database":"skynet","host":"10.10.20.105","level":"info","message":"Connecting to MariaDB...","timestamp":"19-12-2025 04:10:28"}
{"level":"info","message":"Connected to MariaDB successfully.","timestamp":"19-12-2025 04:10:28"}
{"level":"debug","message":"Redis connecting...","timestamp":"19-12-2025 04:10:28"}
{"level":"info","message":"Redis client ready","timestamp":"19-12-2025 04:10:28"}
{"level":"info","message":"Redis client initialized successfully.","timestamp":"19-12-2025 04:10:28"}
{"level":"warn","message":"You haven't supplied some auth tokens, make sure to fill in auth.js to make sure all Skynet features function!","timestamp":"19-12-2025 04:10:28"}
{"level":"warn","message":"You are running SkynetBot on a non-standard port, if a reverse-proxy such as Nginx is being used, restart SkynetBot with the '--proxy' argument.","timestamp":"19-12-2025 04:10:28"}
{"level":"info","message":"Getting the recommended shards from Discord...","timestamp":"19-12-2025 04:10:28"}
{"level":"info","message":"SkynetBot will spawn 1 shard(s) as recommended by Discord.","shards":1,"timestamp":"19-12-2025 04:10:28"}
{"level":"info","message":"Worker 1 launched.","timestamp":"19-12-2025 04:10:28","worker":1}
{"level":"info","message":"All shards connected to Discord.","timestamp":"19-12-2025 04:10:29"}
{"level":"info","message":"The best Discord Bot, version 1.6.0, is now ready!","timestamp":"19-12-2025 04:10:30"}
{"config":{"dsn":"https://0b7841092ddef2d463e8211da0772fc9@sentry.thecorehosting.net/3","environment":"production","release":"Skynet.production.1.6.0","tracesSampleRate":1},"level":"info","message":"Connecting this Logger instance with Sentry.","timestamp":"19-12-2025 04:22:17"}
{"level":"info","message":"Logging to /usr/src/app/logs/master-skynetbot.log.","timestamp":"19-12-2025 04:22:17"}
{"database":"skynet","host":"10.10.20.105","level":"info","message":"Connecting to MariaDB...","timestamp":"19-12-2025 04:22:17"}
{"level":"info","message":"Connected to MariaDB successfully.","timestamp":"19-12-2025 04:22:17"}
{"level":"debug","message":"Redis connecting...","timestamp":"19-12-2025 04:22:17"}
{"level":"info","message":"Redis client ready","timestamp":"19-12-2025 04:22:17"}
{"level":"info","message":"Redis client initialized successfully.","timestamp":"19-12-2025 04:22:17"}
{"level":"warn","message":"You haven't supplied some auth tokens, make sure to fill in auth.js to make sure all Skynet features function!","timestamp":"19-12-2025 04:22:17"}
{"level":"warn","message":"You are running SkynetBot on a non-standard port, if a reverse-proxy such as Nginx is being used, restart SkynetBot with the '--proxy' argument.","timestamp":"19-12-2025 04:22:17"}
{"level":"info","message":"Getting the recommended shards from Discord...","timestamp":"19-12-2025 04:22:18"}
{"level":"info","message":"SkynetBot will spawn 1 shard(s) as recommended by Discord.","shards":1,"timestamp":"19-12-2025 04:22:18"}
{"level":"info","message":"Worker 1 launched.","timestamp":"19-12-2025 04:22:18","worker":1}
{"level":"info","message":"All shards connected to Discord.","timestamp":"19-12-2025 04:22:21"}
{"level":"info","message":"The best Discord Bot, version 1.6.0, is now ready!","timestamp":"19-12-2025 04:22:21"}
{"config":{"dsn":"https://0b7841092ddef2d463e8211da0772fc9@sentry.thecorehosting.net/3","environment":"production","release":"Skynet.production.1.6.0","tracesSampleRate":1},"level":"info","message":"Connecting this Logger instance with Sentry.","timestamp":"19-12-2025 04:24:20"}
{"level":"info","message":"Logging to /usr/src/app/logs/master-skynetbot.log.","timestamp":"19-12-2025 04:24:20"}
{"database":"skynet","host":"10.10.20.105","level":"info","message":"Connecting to MariaDB...","timestamp":"19-12-2025 04:24:20"}
{"level":"info","message":"Connected to MariaDB successfully.","timestamp":"19-12-2025 04:24:20"}
{"level":"debug","message":"Redis connecting...","timestamp":"19-12-2025 04:24:20"}
{"level":"info","message":"Redis client ready","timestamp":"19-12-2025 04:24:20"}
{"level":"info","message":"Redis client initialized successfully.","timestamp":"19-12-2025 04:24:20"}
{"level":"warn","message":"You haven't supplied some auth tokens, make sure to fill in auth.js to make sure all Skynet features function!","timestamp":"19-12-2025 04:24:20"}
{"level":"warn","message":"You are running SkynetBot on a non-standard port, if a reverse-proxy such as Nginx is being used, restart SkynetBot with the '--proxy' argument.","timestamp":"19-12-2025 04:24:20"}
{"level":"info","message":"Getting the recommended shards from Discord...","timestamp":"19-12-2025 04:24:20"}
{"level":"info","message":"SkynetBot will spawn 1 shard(s) as recommended by Discord.","shards":1,"timestamp":"19-12-2025 04:24:20"}
{"level":"info","message":"Worker 1 launched.","timestamp":"19-12-2025 04:24:20","worker":1}
{"level":"info","message":"All shards connected to Discord.","timestamp":"19-12-2025 04:24:21"}
{"level":"info","message":"The best Discord Bot, version 1.6.0, is now ready!","timestamp":"19-12-2025 04:24:22"}
{"config":{"dsn":"https://0b7841092ddef2d463e8211da0772fc9@sentry.thecorehosting.net/3","environment":"production","release":"Skynet.production.1.6.0","tracesSampleRate":1},"level":"info","message":"Connecting this Logger instance with Sentry.","timestamp":"19-12-2025 04:37:22"}
{"level":"info","message":"Logging to /usr/src/app/logs/master-skynetbot.log.","timestamp":"19-12-2025 04:37:22"}
{"database":"skynet","host":"10.10.20.105","level":"info","message":"Connecting to MariaDB...","timestamp":"19-12-2025 04:37:22"}
{"level":"info","message":"Connected to MariaDB successfully.","timestamp":"19-12-2025 04:37:23"}
{"level":"debug","message":"Redis connecting...","timestamp":"19-12-2025 04:37:23"}
{"level":"info","message":"Redis client ready","timestamp":"19-12-2025 04:37:23"}
{"level":"info","message":"Redis client initialized successfully.","timestamp":"19-12-2025 04:37:23"}
{"level":"warn","message":"You haven't supplied some auth tokens, make sure to fill in auth.js to make sure all Skynet features function!","timestamp":"19-12-2025 04:37:23"}
{"level":"warn","message":"You are running SkynetBot on a non-standard port, if a reverse-proxy such as Nginx is being used, restart SkynetBot with the '--proxy' argument.","timestamp":"19-12-2025 04:37:23"}
{"level":"info","message":"Getting the recommended shards from Discord...","timestamp":"19-12-2025 04:37:23"}
{"level":"info","message":"SkynetBot will spawn 1 shard(s) as recommended by Discord.","shards":1,"timestamp":"19-12-2025 04:37:23"}
{"level":"info","message":"Worker 1 launched.","timestamp":"19-12-2025 04:37:23","worker":1}
{"level":"info","message":"All shards connected to Discord.","timestamp":"19-12-2025 04:37:24"}
{"level":"info","message":"The best Discord Bot, version 1.6.0, is now ready!","timestamp":"19-12-2025 04:37:25"}
{"config":{"dsn":"https://0b7841092ddef2d463e8211da0772fc9@sentry.thecorehosting.net/3","environment":"production","release":"Skynet.production.1.6.0","tracesSampleRate":1},"level":"info","message":"Connecting this Logger instance with Sentry.","timestamp":"19-12-2025 04:39:57"}
{"level":"info","message":"Logging to /usr/src/app/logs/master-skynetbot.log.","timestamp":"19-12-2025 04:39:57"}
{"database":"skynet","host":"10.10.20.105","level":"info","message":"Connecting to MariaDB...","timestamp":"19-12-2025 04:39:57"}
{"level":"info","message":"Connected to MariaDB successfully.","timestamp":"19-12-2025 04:39:58"}
{"level":"debug","message":"Redis connecting...","timestamp":"19-12-2025 04:39:58"}
{"level":"info","message":"Redis client ready","timestamp":"19-12-2025 04:39:58"}
{"level":"info","message":"Redis client initialized successfully.","timestamp":"19-12-2025 04:39:58"}
{"level":"warn","message":"You haven't supplied some auth tokens, make sure to fill in auth.js to make sure all Skynet features function!","timestamp":"19-12-2025 04:39:58"}
{"level":"warn","message":"You are running SkynetBot on a non-standard port, if a reverse-proxy such as Nginx is being used, restart SkynetBot with the '--proxy' argument.","timestamp":"19-12-2025 04:39:58"}
{"level":"info","message":"Getting the recommended shards from Discord...","timestamp":"19-12-2025 04:39:58"}
{"level":"info","message":"SkynetBot will spawn 1 shard(s) as recommended by Discord.","shards":1,"timestamp":"19-12-2025 04:39:58"}
{"level":"info","message":"Worker 1 launched.","timestamp":"19-12-2025 04:39:58","worker":1}
{"level":"info","message":"All shards connected to Discord.","timestamp":"19-12-2025 04:39:59"}
{"level":"info","message":"The best Discord Bot, version 1.6.0, is now ready!","timestamp":"19-12-2025 04:40:00"}
{"level":"debug","message":"Fetching traffic data from all shards.","timestamp":"19-12-2025 05:39:58"}
{"level":"debug","message":"Fetching traffic data from all shards.","timestamp":"19-12-2025 06:39:58"}
{"level":"debug","message":"Fetching traffic data from all shards.","timestamp":"19-12-2025 07:39:58"}
{"level":"debug","message":"Fetching traffic data from all shards.","timestamp":"19-12-2025 08:39:58"}
{"level":"debug","message":"Fetching traffic data from all shards.","timestamp":"19-12-2025 09:39:58"}
{"level":"debug","message":"Fetching traffic data from all shards.","timestamp":"19-12-2025 10:39:58"}
{"level":"debug","message":"Fetching traffic data from all shards.","timestamp":"19-12-2025 11:39:58"}
{"level":"debug","message":"Fetching traffic data from all shards.","timestamp":"19-12-2025 12:39:58"}
{"level":"debug","message":"Fetching traffic data from all shards.","timestamp":"19-12-2025 13:39:58"}
{"level":"debug","message":"Fetching traffic data from all shards.","timestamp":"19-12-2025 14:39:58"}
{"level":"debug","message":"Fetching traffic data from all shards.","timestamp":"19-12-2025 15:39:58"}
{"level":"debug","message":"Fetching traffic data from all shards.","timestamp":"19-12-2025 16:39:58"}
{"level":"debug","message":"Fetching traffic data from all shards.","timestamp":"19-12-2025 17:39:58"}
{"level":"debug","message":"Fetching traffic data from all shards.","timestamp":"19-12-2025 18:39:58"}
{"level":"debug","message":"Fetching traffic data from all shards.","timestamp":"19-12-2025 19:39:58"}
{"level":"debug","message":"Fetching traffic data from all shards.","timestamp":"19-12-2025 20:39:58"}
{"config":{"dsn":"https://0b7841092ddef2d463e8211da0772fc9@sentry.thecorehosting.net/3","environment":"production","release":"Skynet.production.1.7.0","tracesSampleRate":1},"level":"info","message":"Connecting this Logger instance with Sentry.","timestamp":"19-12-2025 20:40:46"}
{"level":"info","message":"Logging to /usr/src/app/logs/master-skynetbot.log.","timestamp":"19-12-2025 20:40:47"}
{"database":"skynet","host":"10.10.20.105","level":"info","message":"Connecting to MariaDB...","timestamp":"19-12-2025 20:40:47"}
{"level":"info","message":"Connected to MariaDB successfully.","timestamp":"19-12-2025 20:40:47"}
{"level":"debug","message":"Redis connecting...","timestamp":"19-12-2025 20:40:47"}
{"level":"info","message":"Redis client ready","timestamp":"19-12-2025 20:40:47"}
{"level":"info","message":"Redis client initialized successfully.","timestamp":"19-12-2025 20:40:47"}
{"level":"warn","message":"You haven't supplied some auth tokens, make sure to fill in auth.js to make sure all Skynet features function!","timestamp":"19-12-2025 20:40:47"}
{"level":"warn","message":"You are running SkynetBot on a non-standard port, if a reverse-proxy such as Nginx is being used, restart SkynetBot with the '--proxy' argument.","timestamp":"19-12-2025 20:40:47"}
{"level":"info","message":"Getting the recommended shards from Discord...","timestamp":"19-12-2025 20:40:47"}
{"level":"info","message":"SkynetBot will spawn 1 shard(s) as recommended by Discord.","shards":1,"timestamp":"19-12-2025 20:40:47"}
{"level":"info","message":"Worker 1 launched.","timestamp":"19-12-2025 20:40:47","worker":1}
{"level":"info","message":"All shards connected to Discord.","timestamp":"19-12-2025 20:40:48"}
{"level":"info","message":"The best Discord Bot, version 1.7.0, is now ready!","timestamp":"19-12-2025 20:40:49"}
{"config":{"dsn":"https://0b7841092ddef2d463e8211da0772fc9@sentry.thecorehosting.net/3","environment":"production","release":"Skynet.production.1.7.0","tracesSampleRate":1},"level":"info","message":"Connecting this Logger instance with Sentry.","timestamp":"19-12-2025 20:43:22"}
{"level":"info","message":"Logging to /usr/src/app/logs/master-skynetbot.log.","timestamp":"19-12-2025 20:43:22"}
{"database":"skynet","host":"10.10.20.105","level":"info","message":"Connecting to MariaDB...","timestamp":"19-12-2025 20:43:22"}
{"level":"info","message":"Connected to MariaDB successfully.","timestamp":"19-12-2025 20:43:23"}
{"level":"debug","message":"Redis connecting...","timestamp":"19-12-2025 20:43:23"}
{"level":"info","message":"Redis client ready","timestamp":"19-12-2025 20:43:23"}
{"level":"info","message":"Redis client initialized successfully.","timestamp":"19-12-2025 20:43:23"}
{"level":"warn","message":"You haven't supplied some auth tokens, make sure to fill in auth.js to make sure all Skynet features function!","timestamp":"19-12-2025 20:43:23"}
{"level":"warn","message":"You are running SkynetBot on a non-standard port, if a reverse-proxy such as Nginx is being used, restart SkynetBot with the '--proxy' argument.","timestamp":"19-12-2025 20:43:23"}
{"level":"info","message":"Getting the recommended shards from Discord...","timestamp":"19-12-2025 20:43:23"}
{"level":"info","message":"SkynetBot will spawn 1 shard(s) as recommended by Discord.","shards":1,"timestamp":"19-12-2025 20:43:23"}
{"level":"info","message":"Worker 1 launched.","timestamp":"19-12-2025 20:43:23","worker":1}
{"level":"info","message":"All shards connected to Discord.","timestamp":"19-12-2025 20:43:24"}
{"level":"info","message":"The best Discord Bot, version 1.7.0, is now ready!","timestamp":"19-12-2025 20:43:25"}
{"config":{"dsn":"https://0b7841092ddef2d463e8211da0772fc9@sentry.thecorehosting.net/3","environment":"production","release":"Skynet.production.1.7.0","tracesSampleRate":1},"level":"info","message":"Connecting this Logger instance with Sentry.","timestamp":"19-12-2025 20:45:44"}
{"level":"info","message":"Logging to /usr/src/app/logs/master-skynetbot.log.","timestamp":"19-12-2025 20:45:44"}
{"database":"skynet","host":"10.10.20.105","level":"info","message":"Connecting to MariaDB...","timestamp":"19-12-2025 20:45:44"}
{"level":"info","message":"Connected to MariaDB successfully.","timestamp":"19-12-2025 20:45:44"}
{"level":"debug","message":"Redis connecting...","timestamp":"19-12-2025 20:45:44"}
{"level":"info","message":"Redis client ready","timestamp":"19-12-2025 20:45:44"}
{"level":"info","message":"Redis client initialized successfully.","timestamp":"19-12-2025 20:45:44"}
{"level":"warn","message":"You haven't supplied some auth tokens, make sure to fill in auth.js to make sure all Skynet features function!","timestamp":"19-12-2025 20:45:44"}
{"level":"warn","message":"You are running SkynetBot on a non-standard port, if a reverse-proxy such as Nginx is being used, restart SkynetBot with the '--proxy' argument.","timestamp":"19-12-2025 20:45:44"}
{"level":"info","message":"Getting the recommended shards from Discord...","timestamp":"19-12-2025 20:45:44"}
{"level":"info","message":"SkynetBot will spawn 1 shard(s) as recommended by Discord.","shards":1,"timestamp":"19-12-2025 20:45:45"}
{"level":"info","message":"Worker 1 launched.","timestamp":"19-12-2025 20:45:45","worker":1}
{"level":"info","message":"All shards connected to Discord.","timestamp":"19-12-2025 20:45:46"}
{"level":"info","message":"The best Discord Bot, version 1.7.0, is now ready!","timestamp":"19-12-2025 20:45:46"}
{"config":{"dsn":"https://0b7841092ddef2d463e8211da0772fc9@sentry.thecorehosting.net/3","environment":"production","release":"Skynet.production.1.7.0","tracesSampleRate":1},"level":"info","message":"Connecting this Logger instance with Sentry.","timestamp":"19-12-2025 20:47:15"}
{"level":"info","message":"Logging to /usr/src/app/logs/master-skynetbot.log.","timestamp":"19-12-2025 20:47:15"}
{"database":"skynet","host":"10.10.20.105","level":"info","message":"Connecting to MariaDB...","timestamp":"19-12-2025 20:47:15"}
{"level":"info","message":"Connected to MariaDB successfully.","timestamp":"19-12-2025 20:47:15"}
{"level":"debug","message":"Redis connecting...","timestamp":"19-12-2025 20:47:15"}
{"level":"info","message":"Redis client ready","timestamp":"19-12-2025 20:47:15"}
{"level":"info","message":"Redis client initialized successfully.","timestamp":"19-12-2025 20:47:15"}
{"level":"warn","message":"You haven't supplied some auth tokens, make sure to fill in auth.js to make sure all Skynet features function!","timestamp":"19-12-2025 20:47:15"}
{"level":"warn","message":"You are running SkynetBot on a non-standard port, if a reverse-proxy such as Nginx is being used, restart SkynetBot with the '--proxy' argument.","timestamp":"19-12-2025 20:47:15"}
{"level":"info","message":"Getting the recommended shards from Discord...","timestamp":"19-12-2025 20:47:16"}
{"level":"info","message":"SkynetBot will spawn 1 shard(s) as recommended by Discord.","shards":1,"timestamp":"19-12-2025 20:47:16"}
{"level":"info","message":"Worker 1 launched.","timestamp":"19-12-2025 20:47:16","worker":1}
{"level":"info","message":"All shards connected to Discord.","timestamp":"19-12-2025 20:47:17"}
{"level":"info","message":"The best Discord Bot, version 1.7.0, is now ready!","timestamp":"19-12-2025 20:47:17"}
{"config":{"dsn":"https://0b7841092ddef2d463e8211da0772fc9@sentry.thecorehosting.net/3","environment":"production","release":"Skynet.production.1.7.0","tracesSampleRate":1},"level":"info","message":"Connecting this Logger instance with Sentry.","timestamp":"19-12-2025 20:50:43"}
{"level":"info","message":"Logging to /usr/src/app/logs/master-skynetbot.log.","timestamp":"19-12-2025 20:50:43"}
{"database":"skynet","host":"10.10.20.105","level":"info","message":"Connecting to MariaDB...","timestamp":"19-12-2025 20:50:43"}
{"level":"info","message":"Connected to MariaDB successfully.","timestamp":"19-12-2025 20:50:43"}
{"level":"debug","message":"Redis connecting...","timestamp":"19-12-2025 20:50:43"}
{"level":"info","message":"Redis client ready","timestamp":"19-12-2025 20:50:43"}
{"level":"info","message":"Redis client initialized successfully.","timestamp":"19-12-2025 20:50:43"}
{"level":"warn","message":"You haven't supplied some auth tokens, make sure to fill in auth.js to make sure all Skynet features function!","timestamp":"19-12-2025 20:50:43"}
{"level":"warn","message":"You are running SkynetBot on a non-standard port, if a reverse-proxy such as Nginx is being used, restart SkynetBot with the '--proxy' argument.","timestamp":"19-12-2025 20:50:43"}
{"level":"info","message":"Getting the recommended shards from Discord...","timestamp":"19-12-2025 20:50:44"}
{"level":"info","message":"SkynetBot will spawn 1 shard(s) as recommended by Discord.","shards":1,"timestamp":"19-12-2025 20:50:44"}
{"level":"info","message":"Worker 1 launched.","timestamp":"19-12-2025 20:50:44","worker":1}
{"level":"info","message":"All shards connected to Discord.","timestamp":"19-12-2025 20:50:45"}
{"level":"info","message":"The best Discord Bot, version 1.7.0, is now ready!","timestamp":"19-12-2025 20:50:45"}
{"config":{"dsn":"https://0b7841092ddef2d463e8211da0772fc9@sentry.thecorehosting.net/3","environment":"production","release":"Skynet.production.1.7.0","tracesSampleRate":1},"level":"info","message":"Connecting this Logger instance with Sentry.","timestamp":"19-12-2025 20:53:59"}
{"level":"info","message":"Logging to /usr/src/app/logs/master-skynetbot.log.","timestamp":"19-12-2025 20:53:59"}
{"database":"skynet","host":"10.10.20.105","level":"info","message":"Connecting to MariaDB...","timestamp":"19-12-2025 20:53:59"}
{"level":"info","message":"Connected to MariaDB successfully.","timestamp":"19-12-2025 20:53:59"}
{"level":"debug","message":"Redis connecting...","timestamp":"19-12-2025 20:53:59"}
{"level":"info","message":"Redis client ready","timestamp":"19-12-2025 20:53:59"}
{"level":"info","message":"Redis client initialized successfully.","timestamp":"19-12-2025 20:53:59"}
{"level":"warn","message":"You haven't supplied some auth tokens, make sure to fill in auth.js to make sure all Skynet features function!","timestamp":"19-12-2025 20:53:59"}
{"level":"warn","message":"You are running SkynetBot on a non-standard port, if a reverse-proxy such as Nginx is being used, restart SkynetBot with the '--proxy' argument.","timestamp":"19-12-2025 20:53:59"}
{"level":"info","message":"Getting the recommended shards from Discord...","timestamp":"19-12-2025 20:53:59"}
{"level":"info","message":"SkynetBot will spawn 1 shard(s) as recommended by Discord.","shards":1,"timestamp":"19-12-2025 20:54:00"}
{"level":"info","message":"Worker 1 launched.","timestamp":"19-12-2025 20:54:00","worker":1}
{"level":"info","message":"All shards connected to Discord.","timestamp":"19-12-2025 20:54:01"}
{"level":"info","message":"The best Discord Bot, version 1.7.0, is now ready!","timestamp":"19-12-2025 20:54:01"}
{"level":"debug","message":"Fetching traffic data from all shards.","timestamp":"19-12-2025 21:54:00"}
{"level":"debug","message":"Fetching traffic data from all shards.","timestamp":"19-12-2025 22:54:00"}
{"level":"debug","message":"Fetching traffic data from all shards.","timestamp":"19-12-2025 23:54:00"}
