{"level":"debug","message":"Fetching traffic data from all shards.","timestamp":"20-12-2025 00:54:00"}
{"level":"debug","message":"Fetching traffic data from all shards.","timestamp":"20-12-2025 01:54:00"}
{"level":"debug","message":"Fetching traffic data from all shards.","timestamp":"20-12-2025 02:54:00"}
{"level":"debug","message":"Fetching traffic data from all shards.","timestamp":"20-12-2025 03:54:00"}
{"level":"debug","message":"Fetching traffic data from all shards.","timestamp":"20-12-2025 04:54:00"}
{"level":"debug","message":"Fetching traffic data from all shards.","timestamp":"20-12-2025 05:54:00"}
{"level":"debug","message":"Fetching traffic data from all shards.","timestamp":"20-12-2025 06:54:00"}
{"level":"debug","message":"Fetching traffic data from all shards.","timestamp":"20-12-2025 07:54:00"}
{"level":"debug","message":"Fetching traffic data from all shards.","timestamp":"20-12-2025 08:54:00"}
{"code":1,"id":0,"level":"info","message":"Shard 0 exited (code 1). Scheduling respawn...","signal":null,"timestamp":"20-12-2025 09:05:59"}
{"delay":5000,"failures":1,"id":0,"level":"info","message":"Shard 0 will respawn in 5000ms (failure #1)","timestamp":"20-12-2025 09:05:59"}
{"level":"info","message":"Worker 2 launched.","timestamp":"20-12-2025 09:06:04","worker":2}
{"level":"debug","message":"Fetching traffic data from all shards.","timestamp":"20-12-2025 09:54:00"}
{"level":"debug","message":"Fetching traffic data from all shards.","timestamp":"20-12-2025 10:54:00"}
{"level":"debug","message":"Fetching traffic data from all shards.","timestamp":"20-12-2025 11:54:00"}
{"level":"debug","message":"Fetching traffic data from all shards.","timestamp":"20-12-2025 12:54:00"}
{"level":"debug","message":"Fetching traffic data from all shards.","timestamp":"20-12-2025 13:54:00"}
{"level":"debug","message":"Fetching traffic data from all shards.","timestamp":"20-12-2025 14:54:00"}
{"level":"debug","message":"Fetching traffic data from all shards.","timestamp":"20-12-2025 15:54:00"}
{"level":"debug","message":"Fetching traffic data from all shards.","timestamp":"20-12-2025 16:54:00"}
{"level":"debug","message":"Fetching traffic data from all shards.","timestamp":"20-12-2025 17:54:00"}
{"config":{"dsn":"https://0b7841092ddef2d463e8211da0772fc9@sentry.thecorehosting.net/3","environment":"production","release":"Skynet.production.1.7.0","tracesSampleRate":1},"level":"info","message":"Connecting this Logger instance with Sentry.","timestamp":"20-12-2025 18:08:24"}
{"level":"info","message":"Logging to /usr/src/app/logs/master-skynetbot.log.","timestamp":"20-12-2025 18:08:24"}
{"database":"skynet","host":"10.10.20.105","level":"info","message":"Connecting to MariaDB...","timestamp":"20-12-2025 18:08:24"}
{"level":"info","message":"Connected to MariaDB successfully.","timestamp":"20-12-2025 18:08:24"}
{"level":"debug","message":"Redis connecting...","timestamp":"20-12-2025 18:08:24"}
{"level":"info","message":"Redis client ready","timestamp":"20-12-2025 18:08:24"}
{"level":"info","message":"Redis client initialized successfully.","timestamp":"20-12-2025 18:08:24"}
{"level":"warn","message":"You haven't supplied some auth tokens, make sure to fill in auth.js to make sure all Skynet features function!","timestamp":"20-12-2025 18:08:24"}
{"level":"warn","message":"You are running SkynetBot on a non-standard port, if a reverse-proxy such as Nginx is being used, restart SkynetBot with the '--proxy' argument.","timestamp":"20-12-2025 18:08:24"}
{"level":"info","message":"Getting the recommended shards from Discord...","timestamp":"20-12-2025 18:08:24"}
{"level":"info","message":"SkynetBot will spawn 1 shard(s) as recommended by Discord.","shards":1,"timestamp":"20-12-2025 18:08:24"}
{"level":"info","message":"Worker 1 launched.","timestamp":"20-12-2025 18:08:24","worker":1}
{"level":"info","message":"All shards connected to Discord.","timestamp":"20-12-2025 18:08:25"}
{"level":"info","message":"The best Discord Bot, version 1.7.0, is now ready!","timestamp":"20-12-2025 18:08:26"}
{"config":{"dsn":"https://0b7841092ddef2d463e8211da0772fc9@sentry.thecorehosting.net/3","environment":"production","release":"Skynet.production.1.7.0","tracesSampleRate":1},"level":"info","message":"Connecting this Logger instance with Sentry.","timestamp":"20-12-2025 18:21:05"}
{"level":"info","message":"Logging to /usr/src/app/logs/master-skynetbot.log.","timestamp":"20-12-2025 18:21:05"}
{"database":"skynet","host":"10.10.20.105","level":"info","message":"Connecting to MariaDB...","timestamp":"20-12-2025 18:21:05"}
{"level":"info","message":"Connected to MariaDB successfully.","timestamp":"20-12-2025 18:21:05"}
{"level":"debug","message":"Redis connecting...","timestamp":"20-12-2025 18:21:05"}
{"level":"info","message":"Redis client ready","timestamp":"20-12-2025 18:21:05"}
{"level":"info","message":"Redis client initialized successfully.","timestamp":"20-12-2025 18:21:05"}
{"level":"warn","message":"You haven't supplied some auth tokens, make sure to fill in auth.js to make sure all Skynet features function!","timestamp":"20-12-2025 18:21:05"}
{"level":"warn","message":"You are running SkynetBot on a non-standard port, if a reverse-proxy such as Nginx is being used, restart SkynetBot with the '--proxy' argument.","timestamp":"20-12-2025 18:21:05"}
{"level":"info","message":"Getting the recommended shards from Discord...","timestamp":"20-12-2025 18:21:05"}
{"level":"info","message":"SkynetBot will spawn 1 shard(s) as recommended by Discord.","shards":1,"timestamp":"20-12-2025 18:21:05"}
{"level":"info","message":"Worker 1 launched.","timestamp":"20-12-2025 18:21:05","worker":1}
{"level":"info","message":"All shards connected to Discord.","timestamp":"20-12-2025 18:21:06"}
{"level":"info","message":"The best Discord Bot, version 1.7.0, is now ready!","timestamp":"20-12-2025 18:21:07"}
{"level":"debug","message":"Fetching traffic data from all shards.","timestamp":"20-12-2025 19:21:05"}
{"config":{"dsn":"https://0b7841092ddef2d463e8211da0772fc9@sentry.thecorehosting.net/3","environment":"production","release":"Skynet.production.1.7.0","tracesSampleRate":1},"level":"info","message":"Connecting this Logger instance with Sentry.","timestamp":"20-12-2025 19:54:15"}
{"level":"info","message":"Logging to /usr/src/app/logs/master-skynetbot.log.","timestamp":"20-12-2025 19:54:15"}
{"database":"skynet","host":"10.10.20.105","level":"info","message":"Connecting to MariaDB...","timestamp":"20-12-2025 19:54:15"}
{"level":"info","message":"Connected to MariaDB successfully.","timestamp":"20-12-2025 19:54:16"}
{"level":"debug","message":"Redis connecting...","timestamp":"20-12-2025 19:54:16"}
{"level":"info","message":"Redis client ready","timestamp":"20-12-2025 19:54:16"}
{"level":"info","message":"Redis client initialized successfully.","timestamp":"20-12-2025 19:54:16"}
{"level":"warn","message":"You haven't supplied some auth tokens, make sure to fill in auth.js to make sure all Skynet features function!","timestamp":"20-12-2025 19:54:16"}
{"level":"warn","message":"You are running SkynetBot on a non-standard port, if a reverse-proxy such as Nginx is being used, restart SkynetBot with the '--proxy' argument.","timestamp":"20-12-2025 19:54:16"}
{"level":"info","message":"Getting the recommended shards from Discord...","timestamp":"20-12-2025 19:54:16"}
{"level":"info","message":"SkynetBot will spawn 1 shard(s) as recommended by Discord.","shards":1,"timestamp":"20-12-2025 19:54:16"}
{"level":"info","message":"Worker 1 launched.","timestamp":"20-12-2025 19:54:16","worker":1}
{"level":"info","message":"All shards connected to Discord.","timestamp":"20-12-2025 19:54:17"}
{"level":"info","message":"The best Discord Bot, version 1.7.0, is now ready!","timestamp":"20-12-2025 19:54:18"}
{"config":{"dsn":"https://0b7841092ddef2d463e8211da0772fc9@sentry.thecorehosting.net/3","environment":"production","release":"Skynet.production.1.7.0","tracesSampleRate":1},"level":"info","message":"Connecting this Logger instance with Sentry.","timestamp":"20-12-2025 19:55:36"}
{"level":"info","message":"Logging to /usr/src/app/logs/master-skynetbot.log.","timestamp":"20-12-2025 19:55:37"}
{"database":"skynet","host":"10.10.20.105","level":"info","message":"Connecting to MariaDB...","timestamp":"20-12-2025 19:55:37"}
{"level":"info","message":"Connected to MariaDB successfully.","timestamp":"20-12-2025 19:55:37"}
{"level":"debug","message":"Redis connecting...","timestamp":"20-12-2025 19:55:37"}
{"level":"info","message":"Redis client ready","timestamp":"20-12-2025 19:55:37"}
{"level":"info","message":"Redis client initialized successfully.","timestamp":"20-12-2025 19:55:37"}
{"level":"warn","message":"You haven't supplied some auth tokens, make sure to fill in auth.js to make sure all Skynet features function!","timestamp":"20-12-2025 19:55:37"}
{"level":"warn","message":"You are running SkynetBot on a non-standard port, if a reverse-proxy such as Nginx is being used, restart SkynetBot with the '--proxy' argument.","timestamp":"20-12-2025 19:55:37"}
{"level":"info","message":"Getting the recommended shards from Discord...","timestamp":"20-12-2025 19:55:37"}
{"level":"info","message":"SkynetBot will spawn 1 shard(s) as recommended by Discord.","shards":1,"timestamp":"20-12-2025 19:55:37"}
{"level":"info","message":"Worker 1 launched.","timestamp":"20-12-2025 19:55:37","worker":1}
{"level":"info","message":"All shards connected to Discord.","timestamp":"20-12-2025 19:55:38"}
{"level":"info","message":"The best Discord Bot, version 1.7.0, is now ready!","timestamp":"20-12-2025 19:55:39"}
{"config":{"dsn":"https://0b7841092ddef2d463e8211da0772fc9@sentry.thecorehosting.net/3","environment":"production","release":"Skynet.production.1.7.0","tracesSampleRate":1},"level":"info","message":"Connecting this Logger instance with Sentry.","timestamp":"20-12-2025 19:56:24"}
{"level":"info","message":"Logging to /usr/src/app/logs/master-skynetbot.log.","timestamp":"20-12-2025 19:56:24"}
{"database":"skynet","host":"10.10.20.105","level":"info","message":"Connecting to MariaDB...","timestamp":"20-12-2025 19:56:24"}
{"level":"info","message":"Connected to MariaDB successfully.","timestamp":"20-12-2025 19:56:24"}
{"level":"debug","message":"Redis connecting...","timestamp":"20-12-2025 19:56:24"}
{"level":"info","message":"Redis client ready","timestamp":"20-12-2025 19:56:24"}
{"level":"info","message":"Redis client initialized successfully.","timestamp":"20-12-2025 19:56:24"}
{"level":"warn","message":"You haven't supplied some auth tokens, make sure to fill in auth.js to make sure all Skynet features function!","timestamp":"20-12-2025 19:56:24"}
{"level":"warn","message":"You are running SkynetBot on a non-standard port, if a reverse-proxy such as Nginx is being used, restart SkynetBot with the '--proxy' argument.","timestamp":"20-12-2025 19:56:24"}
{"level":"info","message":"Getting the recommended shards from Discord...","timestamp":"20-12-2025 19:56:25"}
{"level":"info","message":"SkynetBot will spawn 1 shard(s) as recommended by Discord.","shards":1,"timestamp":"20-12-2025 19:56:25"}
{"level":"info","message":"Worker 1 launched.","timestamp":"20-12-2025 19:56:25","worker":1}
{"level":"info","message":"All shards connected to Discord.","timestamp":"20-12-2025 19:56:26"}
{"level":"info","message":"The best Discord Bot, version 1.7.0, is now ready!","timestamp":"20-12-2025 19:56:26"}
{"config":{"dsn":"https://0b7841092ddef2d463e8211da0772fc9@sentry.thecorehosting.net/3","environment":"production","release":"Skynet.production.1.7.0","tracesSampleRate":1},"level":"info","message":"Connecting this Logger instance with Sentry.","timestamp":"20-12-2025 19:57:27"}
{"level":"info","message":"Logging to /usr/src/app/logs/master-skynetbot.log.","timestamp":"20-12-2025 19:57:27"}
{"database":"skynet","host":"10.10.20.105","level":"info","message":"Connecting to MariaDB...","timestamp":"20-12-2025 19:57:27"}
{"level":"info","message":"Connected to MariaDB successfully.","timestamp":"20-12-2025 19:57:27"}
{"level":"debug","message":"Redis connecting...","timestamp":"20-12-2025 19:57:27"}
{"level":"info","message":"Redis client ready","timestamp":"20-12-2025 19:57:27"}
{"level":"info","message":"Redis client initialized successfully.","timestamp":"20-12-2025 19:57:27"}
{"level":"warn","message":"You haven't supplied some auth tokens, make sure to fill in auth.js to make sure all Skynet features function!","timestamp":"20-12-2025 19:57:27"}
{"level":"warn","message":"You are running SkynetBot on a non-standard port, if a reverse-proxy such as Nginx is being used, restart SkynetBot with the '--proxy' argument.","timestamp":"20-12-2025 19:57:27"}
{"level":"info","message":"Getting the recommended shards from Discord...","timestamp":"20-12-2025 19:57:27"}
{"level":"info","message":"SkynetBot will spawn 1 shard(s) as recommended by Discord.","shards":1,"timestamp":"20-12-2025 19:57:28"}
{"level":"info","message":"Worker 1 launched.","timestamp":"20-12-2025 19:57:28","worker":1}
{"level":"info","message":"All shards connected to Discord.","timestamp":"20-12-2025 19:57:29"}
{"level":"info","message":"The best Discord Bot, version 1.7.0, is now ready!","timestamp":"20-12-2025 19:57:29"}
{"config":{"dsn":"https://0b7841092ddef2d463e8211da0772fc9@sentry.thecorehosting.net/3","environment":"production","release":"Skynet.production.1.7.0","tracesSampleRate":1},"level":"info","message":"Connecting this Logger instance with Sentry.","timestamp":"20-12-2025 20:10:53"}
{"level":"info","message":"Logging to /usr/src/app/logs/master-skynetbot.log.","timestamp":"20-12-2025 20:10:53"}
{"database":"skynet","host":"10.10.20.105","level":"info","message":"Connecting to MariaDB...","timestamp":"20-12-2025 20:10:53"}
{"level":"info","message":"Connected to MariaDB successfully.","timestamp":"20-12-2025 20:10:53"}
{"level":"debug","message":"Redis connecting...","timestamp":"20-12-2025 20:10:53"}
{"level":"info","message":"Redis client ready","timestamp":"20-12-2025 20:10:53"}
{"level":"info","message":"Redis client initialized successfully.","timestamp":"20-12-2025 20:10:53"}
{"level":"warn","message":"You haven't supplied some auth tokens, make sure to fill in auth.js to make sure all Skynet features function!","timestamp":"20-12-2025 20:10:53"}
{"level":"warn","message":"You are running SkynetBot on a non-standard port, if a reverse-proxy such as Nginx is being used, restart SkynetBot with the '--proxy' argument.","timestamp":"20-12-2025 20:10:53"}
{"level":"info","message":"Getting the recommended shards from Discord...","timestamp":"20-12-2025 20:10:53"}
{"level":"info","message":"SkynetBot will spawn 1 shard(s) as recommended by Discord.","shards":1,"timestamp":"20-12-2025 20:10:53"}
{"level":"info","message":"Worker 1 launched.","timestamp":"20-12-2025 20:10:53","worker":1}
{"level":"info","message":"All shards connected to Discord.","timestamp":"20-12-2025 20:10:54"}
{"level":"info","message":"The best Discord Bot, version 1.7.0, is now ready!","timestamp":"20-12-2025 20:10:55"}
{"config":{"dsn":"https://0b7841092ddef2d463e8211da0772fc9@sentry.thecorehosting.net/3","environment":"production","release":"Skynet.production.1.7.0","tracesSampleRate":1},"level":"info","message":"Connecting this Logger instance with Sentry.","timestamp":"20-12-2025 20:12:39"}
{"level":"info","message":"Logging to /usr/src/app/logs/master-skynetbot.log.","timestamp":"20-12-2025 20:12:39"}
{"database":"skynet","host":"10.10.20.105","level":"info","message":"Connecting to MariaDB...","timestamp":"20-12-2025 20:12:39"}
{"level":"info","message":"Connected to MariaDB successfully.","timestamp":"20-12-2025 20:12:39"}
{"level":"debug","message":"Redis connecting...","timestamp":"20-12-2025 20:12:39"}
{"level":"info","message":"Redis client ready","timestamp":"20-12-2025 20:12:39"}
{"level":"info","message":"Redis client initialized successfully.","timestamp":"20-12-2025 20:12:39"}
{"level":"warn","message":"You haven't supplied some auth tokens, make sure to fill in auth.js to make sure all Skynet features function!","timestamp":"20-12-2025 20:12:39"}
{"level":"warn","message":"You are running SkynetBot on a non-standard port, if a reverse-proxy such as Nginx is being used, restart SkynetBot with the '--proxy' argument.","timestamp":"20-12-2025 20:12:39"}
{"level":"info","message":"Getting the recommended shards from Discord...","timestamp":"20-12-2025 20:12:40"}
{"level":"info","message":"SkynetBot will spawn 1 shard(s) as recommended by Discord.","shards":1,"timestamp":"20-12-2025 20:12:40"}
{"level":"info","message":"Worker 1 launched.","timestamp":"20-12-2025 20:12:40","worker":1}
{"level":"info","message":"All shards connected to Discord.","timestamp":"20-12-2025 20:12:42"}
{"level":"info","message":"The best Discord Bot, version 1.7.0, is now ready!","timestamp":"20-12-2025 20:12:43"}
{"level":"debug","message":"Fetching traffic data from all shards.","timestamp":"20-12-2025 21:12:40"}
{"level":"debug","message":"Fetching traffic data from all shards.","timestamp":"20-12-2025 22:12:40"}
{"level":"debug","message":"Fetching traffic data from all shards.","timestamp":"20-12-2025 23:12:40"}
