{"level":"debug","message":"Fetching traffic data from all shards.","timestamp":"21-12-2025 00:12:40"}
{"level":"debug","message":"Fetching traffic data from all shards.","timestamp":"21-12-2025 01:12:40"}
{"level":"debug","message":"Fetching traffic data from all shards.","timestamp":"21-12-2025 02:12:40"}
{"config":{"dsn":"https://0b7841092ddef2d463e8211da0772fc9@sentry.thecorehosting.net/3","environment":"production","release":"Skynet.production.1.7.0","tracesSampleRate":1},"level":"info","message":"Connecting this Logger instance with Sentry.","timestamp":"21-12-2025 03:10:07"}
{"level":"info","message":"Logging to /usr/src/app/logs/master-skynetbot.log.","timestamp":"21-12-2025 03:10:07"}
{"database":"skynet","host":"10.10.20.105","level":"info","message":"Connecting to MariaDB...","timestamp":"21-12-2025 03:10:07"}
{"level":"info","message":"Connected to MariaDB successfully.","timestamp":"21-12-2025 03:10:08"}
{"level":"debug","message":"Redis connecting...","timestamp":"21-12-2025 03:10:08"}
{"level":"info","message":"Redis client ready","timestamp":"21-12-2025 03:10:08"}
{"level":"info","message":"Redis client initialized successfully.","timestamp":"21-12-2025 03:10:08"}
{"level":"warn","message":"You haven't supplied some auth tokens, make sure to fill in auth.js to make sure all Skynet features function!","timestamp":"21-12-2025 03:10:08"}
{"level":"warn","message":"You are running SkynetBot on a non-standard port, if a reverse-proxy such as Nginx is being used, restart SkynetBot with the '--proxy' argument.","timestamp":"21-12-2025 03:10:08"}
{"level":"info","message":"Getting the recommended shards from Discord...","timestamp":"21-12-2025 03:10:08"}
{"level":"info","message":"SkynetBot will spawn 1 shard(s) as recommended by Discord.","shards":1,"timestamp":"21-12-2025 03:10:08"}
{"level":"info","message":"Worker 1 launched.","timestamp":"21-12-2025 03:10:08","worker":1}
{"level":"info","message":"All shards connected to Discord.","timestamp":"21-12-2025 03:10:09"}
{"level":"info","message":"The best Discord Bot, version 1.7.0, is now ready!","timestamp":"21-12-2025 03:10:10"}
{"level":"debug","message":"Fetching traffic data from all shards.","timestamp":"21-12-2025 04:10:08"}
{"level":"debug","message":"Fetching traffic data from all shards.","timestamp":"21-12-2025 05:10:08"}
{"level":"debug","message":"Fetching traffic data from all shards.","timestamp":"21-12-2025 06:10:08"}
{"level":"debug","message":"Fetching traffic data from all shards.","timestamp":"21-12-2025 07:10:08"}
{"level":"debug","message":"Fetching traffic data from all shards.","timestamp":"21-12-2025 08:10:08"}
{"level":"debug","message":"Fetching traffic data from all shards.","timestamp":"21-12-2025 09:10:08"}
{"level":"debug","message":"Fetching traffic data from all shards.","timestamp":"21-12-2025 10:10:08"}
{"level":"debug","message":"Fetching traffic data from all shards.","timestamp":"21-12-2025 11:10:08"}
{"level":"debug","message":"Fetching traffic data from all shards.","timestamp":"21-12-2025 12:10:08"}
{"level":"debug","message":"Fetching traffic data from all shards.","timestamp":"21-12-2025 13:10:08"}
{"level":"debug","message":"Fetching traffic data from all shards.","timestamp":"21-12-2025 14:10:08"}
{"level":"debug","message":"Fetching traffic data from all shards.","timestamp":"21-12-2025 15:10:08"}
{"config":{"dsn":"https://0b7841092ddef2d463e8211da0772fc9@sentry.thecorehosting.net/3","environment":"production","release":"Skynet.production.1.7.0","tracesSampleRate":1},"level":"info","message":"Connecting this Logger instance with Sentry.","timestamp":"21-12-2025 15:50:53"}
{"level":"info","message":"Logging to /usr/src/app/logs/master-skynetbot.log.","timestamp":"21-12-2025 15:50:53"}
{"database":"skynet","host":"10.10.20.105","level":"info","message":"Connecting to MariaDB...","timestamp":"21-12-2025 15:50:53"}
{"level":"info","message":"Connected to MariaDB successfully.","timestamp":"21-12-2025 15:50:53"}
{"level":"debug","message":"Redis connecting...","timestamp":"21-12-2025 15:50:53"}
{"level":"info","message":"Redis client ready","timestamp":"21-12-2025 15:50:53"}
{"level":"info","message":"Redis client initialized successfully.","timestamp":"21-12-2025 15:50:53"}
{"level":"warn","message":"You haven't supplied some auth tokens, make sure to fill in auth.js to make sure all Skynet features function!","timestamp":"21-12-2025 15:50:53"}
{"level":"warn","message":"You are running SkynetBot on a non-standard port, if a reverse-proxy such as Nginx is being used, restart SkynetBot with the '--proxy' argument.","timestamp":"21-12-2025 15:50:53"}
{"level":"info","message":"Getting the recommended shards from Discord...","timestamp":"21-12-2025 15:50:53"}
{"level":"info","message":"SkynetBot will spawn 1 shard(s) as recommended by Discord.","shards":1,"timestamp":"21-12-2025 15:50:54"}
{"level":"info","message":"Worker 1 launched.","timestamp":"21-12-2025 15:50:54","worker":1}
{"level":"info","message":"All shards connected to Discord.","timestamp":"21-12-2025 15:50:55"}
{"level":"info","message":"The best Discord Bot, version 1.7.0, is now ready!","timestamp":"21-12-2025 15:50:56"}
{"level":"debug","message":"Fetching traffic data from all shards.","timestamp":"21-12-2025 16:50:54"}
{"level":"debug","message":"Fetching traffic data from all shards.","timestamp":"21-12-2025 17:50:54"}
{"level":"debug","message":"Fetching traffic data from all shards.","timestamp":"21-12-2025 18:50:54"}
{"level":"debug","message":"Fetching traffic data from all shards.","timestamp":"21-12-2025 19:50:54"}
{"config":{"dsn":"https://0b7841092ddef2d463e8211da0772fc9@sentry.thecorehosting.net/3","environment":"production","release":"Skynet.production.1.7.1","tracesSampleRate":1},"level":"info","message":"Connecting this Logger instance with Sentry.","timestamp":"21-12-2025 20:48:18"}
{"level":"info","message":"Logging to /usr/src/app/logs/master-skynetbot.log.","timestamp":"21-12-2025 20:48:18"}
{"database":"skynet","host":"10.10.20.105","level":"info","message":"Connecting to MariaDB...","timestamp":"21-12-2025 20:48:18"}
{"level":"info","message":"Connected to MariaDB successfully.","timestamp":"21-12-2025 20:48:18"}
{"level":"debug","message":"Redis connecting...","timestamp":"21-12-2025 20:48:18"}
{"level":"info","message":"Redis client ready","timestamp":"21-12-2025 20:48:18"}
{"level":"info","message":"Redis client initialized successfully.","timestamp":"21-12-2025 20:48:18"}
{"level":"warn","message":"You haven't supplied some auth tokens, make sure to fill in auth.js to make sure all Skynet features function!","timestamp":"21-12-2025 20:48:18"}
{"level":"warn","message":"You are running SkynetBot on a non-standard port, if a reverse-proxy such as Nginx is being used, restart SkynetBot with the '--proxy' argument.","timestamp":"21-12-2025 20:48:18"}
{"level":"info","message":"Getting the recommended shards from Discord...","timestamp":"21-12-2025 20:48:18"}
{"level":"info","message":"SkynetBot will spawn 1 shard(s) as recommended by Discord.","shards":1,"timestamp":"21-12-2025 20:48:18"}
{"level":"info","message":"Worker 1 launched.","timestamp":"21-12-2025 20:48:18","worker":1}
{"level":"info","message":"All shards connected to Discord.","timestamp":"21-12-2025 20:48:19"}
{"level":"info","message":"The best Discord Bot, version 1.7.1, is now ready!","timestamp":"21-12-2025 20:48:20"}
{"config":{"dsn":"https://0b7841092ddef2d463e8211da0772fc9@sentry.thecorehosting.net/3","environment":"production","release":"Skynet.production.1.7.1","tracesSampleRate":1},"level":"info","message":"Connecting this Logger instance with Sentry.","timestamp":"21-12-2025 20:53:26"}
{"level":"info","message":"Logging to /usr/src/app/logs/master-skynetbot.log.","timestamp":"21-12-2025 20:53:26"}
{"database":"skynet","host":"10.10.20.105","level":"info","message":"Connecting to MariaDB...","timestamp":"21-12-2025 20:53:26"}
{"level":"info","message":"Connected to MariaDB successfully.","timestamp":"21-12-2025 20:53:26"}
{"level":"debug","message":"Redis connecting...","timestamp":"21-12-2025 20:53:26"}
{"level":"info","message":"Redis client ready","timestamp":"21-12-2025 20:53:26"}
{"level":"info","message":"Redis client initialized successfully.","timestamp":"21-12-2025 20:53:26"}
{"level":"warn","message":"You haven't supplied some auth tokens, make sure to fill in auth.js to make sure all Skynet features function!","timestamp":"21-12-2025 20:53:26"}
{"level":"warn","message":"You are running SkynetBot on a non-standard port, if a reverse-proxy such as Nginx is being used, restart SkynetBot with the '--proxy' argument.","timestamp":"21-12-2025 20:53:26"}
{"level":"info","message":"Getting the recommended shards from Discord...","timestamp":"21-12-2025 20:53:26"}
{"level":"info","message":"SkynetBot will spawn 1 shard(s) as recommended by Discord.","shards":1,"timestamp":"21-12-2025 20:53:26"}
{"level":"info","message":"Worker 1 launched.","timestamp":"21-12-2025 20:53:26","worker":1}
{"level":"info","message":"All shards connected to Discord.","timestamp":"21-12-2025 20:53:27"}
{"level":"info","message":"The best Discord Bot, version 1.7.1, is now ready!","timestamp":"21-12-2025 20:53:28"}
{"config":{"dsn":"https://0b7841092ddef2d463e8211da0772fc9@sentry.thecorehosting.net/3","environment":"production","release":"Skynet.production.1.7.1","tracesSampleRate":1},"level":"info","message":"Connecting this Logger instance with Sentry.","timestamp":"21-12-2025 20:56:45"}
{"level":"info","message":"Logging to /usr/src/app/logs/master-skynetbot.log.","timestamp":"21-12-2025 20:56:45"}
{"database":"skynet","host":"10.10.20.105","level":"info","message":"Connecting to MariaDB...","timestamp":"21-12-2025 20:56:45"}
{"level":"info","message":"Connected to MariaDB successfully.","timestamp":"21-12-2025 20:56:45"}
{"level":"debug","message":"Redis connecting...","timestamp":"21-12-2025 20:56:45"}
{"level":"info","message":"Redis client ready","timestamp":"21-12-2025 20:56:45"}
{"level":"info","message":"Redis client initialized successfully.","timestamp":"21-12-2025 20:56:45"}
{"level":"warn","message":"You haven't supplied some auth tokens, make sure to fill in auth.js to make sure all Skynet features function!","timestamp":"21-12-2025 20:56:45"}
{"level":"warn","message":"You are running SkynetBot on a non-standard port, if a reverse-proxy such as Nginx is being used, restart SkynetBot with the '--proxy' argument.","timestamp":"21-12-2025 20:56:45"}
{"level":"info","message":"Getting the recommended shards from Discord...","timestamp":"21-12-2025 20:56:45"}
{"level":"info","message":"SkynetBot will spawn 1 shard(s) as recommended by Discord.","shards":1,"timestamp":"21-12-2025 20:56:45"}
{"level":"info","message":"Worker 1 launched.","timestamp":"21-12-2025 20:56:45","worker":1}
{"level":"info","message":"All shards connected to Discord.","timestamp":"21-12-2025 20:56:47"}
{"level":"info","message":"The best Discord Bot, version 1.7.1, is now ready!","timestamp":"21-12-2025 20:56:47"}
{"config":{"dsn":"https://0b7841092ddef2d463e8211da0772fc9@sentry.thecorehosting.net/3","environment":"production","release":"Skynet.production.1.7.1","tracesSampleRate":1},"level":"info","message":"Connecting this Logger instance with Sentry.","timestamp":"21-12-2025 21:06:02"}
{"level":"info","message":"Logging to /usr/src/app/logs/master-skynetbot.log.","timestamp":"21-12-2025 21:06:02"}
{"database":"skynet","host":"10.10.20.105","level":"info","message":"Connecting to MariaDB...","timestamp":"21-12-2025 21:06:02"}
{"level":"info","message":"Connected to MariaDB successfully.","timestamp":"21-12-2025 21:06:02"}
{"level":"debug","message":"Redis connecting...","timestamp":"21-12-2025 21:06:02"}
{"level":"info","message":"Redis client ready","timestamp":"21-12-2025 21:06:02"}
{"level":"info","message":"Redis client initialized successfully.","timestamp":"21-12-2025 21:06:02"}
{"level":"warn","message":"You haven't supplied some auth tokens, make sure to fill in auth.js to make sure all Skynet features function!","timestamp":"21-12-2025 21:06:02"}
{"level":"warn","message":"You are running SkynetBot on a non-standard port, if a reverse-proxy such as Nginx is being used, restart SkynetBot with the '--proxy' argument.","timestamp":"21-12-2025 21:06:02"}
{"level":"info","message":"Getting the recommended shards from Discord...","timestamp":"21-12-2025 21:06:02"}
{"level":"info","message":"SkynetBot will spawn 1 shard(s) as recommended by Discord.","shards":1,"timestamp":"21-12-2025 21:06:03"}
{"level":"info","message":"Worker 1 launched.","timestamp":"21-12-2025 21:06:03","worker":1}
{"level":"info","message":"All shards connected to Discord.","timestamp":"21-12-2025 21:06:04"}
{"level":"info","message":"The best Discord Bot, version 1.7.1, is now ready!","timestamp":"21-12-2025 21:06:04"}
{"config":{"dsn":"https://0b7841092ddef2d463e8211da0772fc9@sentry.thecorehosting.net/3","environment":"production","release":"Skynet.production.1.7.1","tracesSampleRate":1},"level":"info","message":"Connecting this Logger instance with Sentry.","timestamp":"21-12-2025 21:13:28"}
{"level":"info","message":"Logging to /usr/src/app/logs/master-skynetbot.log.","timestamp":"21-12-2025 21:13:28"}
{"database":"skynet","host":"10.10.20.105","level":"info","message":"Connecting to MariaDB...","timestamp":"21-12-2025 21:13:28"}
{"level":"info","message":"Connected to MariaDB successfully.","timestamp":"21-12-2025 21:13:28"}
{"level":"debug","message":"Redis connecting...","timestamp":"21-12-2025 21:13:28"}
{"level":"info","message":"Redis client ready","timestamp":"21-12-2025 21:13:28"}
{"level":"info","message":"Redis client initialized successfully.","timestamp":"21-12-2025 21:13:28"}
{"level":"warn","message":"You haven't supplied some auth tokens, make sure to fill in auth.js to make sure all Skynet features function!","timestamp":"21-12-2025 21:13:28"}
{"level":"warn","message":"You are running SkynetBot on a non-standard port, if a reverse-proxy such as Nginx is being used, restart SkynetBot with the '--proxy' argument.","timestamp":"21-12-2025 21:13:28"}
{"level":"info","message":"Getting the recommended shards from Discord...","timestamp":"21-12-2025 21:13:28"}
{"level":"info","message":"SkynetBot will spawn 1 shard(s) as recommended by Discord.","shards":1,"timestamp":"21-12-2025 21:13:28"}
{"level":"info","message":"Worker 1 launched.","timestamp":"21-12-2025 21:13:28","worker":1}
{"level":"info","message":"All shards connected to Discord.","timestamp":"21-12-2025 21:13:29"}
{"level":"info","message":"The best Discord Bot, version 1.7.1, is now ready!","timestamp":"21-12-2025 21:13:30"}
{"level":"debug","message":"Fetching traffic data from all shards.","timestamp":"21-12-2025 22:13:28"}
{"config":{"dsn":"https://0b7841092ddef2d463e8211da0772fc9@sentry.thecorehosting.net/3","environment":"production","release":"Skynet.production.1.7.1","tracesSampleRate":1},"level":"info","message":"Connecting this Logger instance with Sentry.","timestamp":"21-12-2025 22:20:17"}
{"level":"info","message":"Logging to /usr/src/app/logs/master-skynetbot.log.","timestamp":"21-12-2025 22:20:17"}
{"database":"skynet","host":"10.10.20.105","level":"info","message":"Connecting to MariaDB...","timestamp":"21-12-2025 22:20:17"}
{"level":"info","message":"Connected to MariaDB successfully.","timestamp":"21-12-2025 22:20:17"}
{"level":"debug","message":"Redis connecting...","timestamp":"21-12-2025 22:20:17"}
{"level":"info","message":"Redis client ready","timestamp":"21-12-2025 22:20:17"}
{"level":"info","message":"Redis client initialized successfully.","timestamp":"21-12-2025 22:20:17"}
{"level":"warn","message":"You haven't supplied some auth tokens, make sure to fill in auth.js to make sure all Skynet features function!","timestamp":"21-12-2025 22:20:17"}
{"level":"warn","message":"You are running SkynetBot on a non-standard port, if a reverse-proxy such as Nginx is being used, restart SkynetBot with the '--proxy' argument.","timestamp":"21-12-2025 22:20:17"}
{"level":"info","message":"Getting the recommended shards from Discord...","timestamp":"21-12-2025 22:20:17"}
{"level":"info","message":"SkynetBot will spawn 1 shard(s) as recommended by Discord.","shards":1,"timestamp":"21-12-2025 22:20:17"}
{"level":"info","message":"Worker 1 launched.","timestamp":"21-12-2025 22:20:17","worker":1}
{"level":"info","message":"All shards connected to Discord.","timestamp":"21-12-2025 22:20:18"}
{"level":"info","message":"The best Discord Bot, version 1.7.1, is now ready!","timestamp":"21-12-2025 22:20:19"}
